0 verbose cli /usr/local/bin/node /usr/local/bin/npm
1 info using npm@10.8.2
2 info using node@v20.18.1
3 silly config load:file:/usr/local/lib/node_modules/npm/npmrc
4 silly config load:file:/data/.npmrc
5 silly config load:file:/usr/src/node-red/.npmrc
6 silly config load:file:/usr/local/etc/npmrc
7 verbose title npm install node-modbus
8 verbose argv "install" "--omit" "dev" "--engine-strict" "node-modbus"
9 verbose logfile logs-max:10 dir:/data/.npm/_logs/2025-01-13T13_16_13_392Z-
10 verbose logfile /data/.npm/_logs/2025-01-13T13_16_13_392Z-debug-0.log
11 silly packumentCache heap:4345298944 maxSize:1086324736 maxEntrySize:543162368
12 silly logfile start cleaning logs, removing 1 files
13 silly logfile done cleaning log files
14 silly idealTree buildDeps
15 silly fetch manifest node-modbus@*
16 silly packumentCache full:https://registry.npmjs.org/node-modbus cache-miss
17 verbose shrinkwrap failed to load node_modules/.package-lock.json out of date, updated: node_modules
18 http fetch GET 200 https://registry.npmjs.org/node-modbus 22ms (cache hit)
19 silly packumentCache full:https://registry.npmjs.org/node-modbus set size:88344 disposed:false
20 silly placeDep ROOT node-modbus@3.2.6 OK for: node-red-project@0.0.1 want: *
21 silly fetch manifest bluebird@^3.4.6
22 silly packumentCache full:https://registry.npmjs.org/bluebird cache-miss
23 silly fetch manifest crc@^3.4.4
24 silly packumentCache full:https://registry.npmjs.org/crc cache-miss
25 silly fetch manifest net@^1.0.2
26 silly packumentCache full:https://registry.npmjs.org/net cache-miss
27 silly fetch manifest serialport@^4.0.7
28 silly packumentCache full:https://registry.npmjs.org/serialport cache-miss
29 silly fetch manifest stampit@^2.1.2
30 silly packumentCache full:https://registry.npmjs.org/stampit cache-miss
31 silly fetch manifest stampit-event-bus@^0.1.1
32 silly packumentCache full:https://registry.npmjs.org/stampit-event-bus cache-miss
33 silly fetch manifest stampit-log@^0.3.0
34 silly packumentCache full:https://registry.npmjs.org/stampit-log cache-miss
35 silly fetch manifest stampit-state-machine@^0.2.1
36 silly packumentCache full:https://registry.npmjs.org/stampit-state-machine cache-miss
37 http fetch GET 200 https://registry.npmjs.org/bluebird 454ms (cache hit)
38 silly packumentCache full:https://registry.npmjs.org/bluebird set size:491022 disposed:false
39 http fetch GET 200 https://registry.npmjs.org/crc 457ms (cache hit)
40 silly packumentCache full:https://registry.npmjs.org/crc set size:82778 disposed:false
41 http fetch GET 200 https://registry.npmjs.org/stampit-event-bus 458ms (cache hit)
42 silly packumentCache full:https://registry.npmjs.org/stampit-event-bus set size:5988 disposed:false
43 http fetch GET 200 https://registry.npmjs.org/stampit 459ms (cache hit)
44 silly packumentCache full:https://registry.npmjs.org/stampit set size:182608 disposed:false
45 http fetch GET 200 https://registry.npmjs.org/net 464ms (cache hit)
46 silly packumentCache full:https://registry.npmjs.org/net set size:4042 disposed:false
47 http fetch GET 200 https://registry.npmjs.org/serialport 465ms (cache hit)
48 silly packumentCache full:https://registry.npmjs.org/serialport set size:490376 disposed:false
49 http fetch GET 200 https://registry.npmjs.org/stampit-state-machine 469ms (cache hit)
50 silly packumentCache full:https://registry.npmjs.org/stampit-state-machine set size:7630 disposed:false
51 http fetch GET 200 https://registry.npmjs.org/stampit-log 471ms (cache hit)
52 silly packumentCache full:https://registry.npmjs.org/stampit-log set size:7550 disposed:false
53 silly placeDep ROOT bluebird@3.7.2 OK for: node-modbus@3.2.6 want: ^3.4.6
54 silly placeDep node_modules/node-modbus crc@3.8.0 OK for: node-modbus@3.2.6 want: ^3.4.4
55 silly placeDep ROOT net@1.0.2 OK for: node-modbus@3.2.6 want: ^1.0.2
56 silly placeDep node_modules/node-modbus serialport@4.0.7 OK for: node-modbus@3.2.6 want: ^4.0.7
57 silly placeDep ROOT stampit@2.1.2 OK for: node-modbus@3.2.6 want: ^2.1.2
58 silly placeDep ROOT stampit-event-bus@0.1.1 OK for: node-modbus@3.2.6 want: ^0.1.1
59 silly placeDep ROOT stampit-log@0.3.0 OK for: node-modbus@3.2.6 want: ^0.3.0
60 silly placeDep ROOT stampit-state-machine@0.2.1 OK for: node-modbus@3.2.6 want: ^0.2.1
61 silly fetch manifest buffer@^5.1.0
62 silly packumentCache full:https://registry.npmjs.org/buffer cache-miss
63 silly fetch manifest lie@^3.1.0
64 silly packumentCache full:https://registry.npmjs.org/lie cache-miss
65 silly fetch manifest nan@^2.4.0
66 silly packumentCache full:https://registry.npmjs.org/nan cache-miss
67 silly fetch manifest bindings@1.2.1
68 silly packumentCache full:https://registry.npmjs.org/bindings cache-miss
69 silly fetch manifest commander@^2.9.0
70 silly packumentCache full:https://registry.npmjs.org/commander cache-miss
71 silly fetch manifest lodash@^3.9.1
72 silly packumentCache full:https://registry.npmjs.org/lodash cache-miss
73 silly fetch manifest supermixer@^1.0.3
74 silly packumentCache full:https://registry.npmjs.org/supermixer cache-miss
75 http fetch GET 200 https://registry.npmjs.org/lie 133ms (cache hit)
76 silly packumentCache full:https://registry.npmjs.org/lie set size:93874 disposed:false
77 http fetch GET 200 https://registry.npmjs.org/commander 135ms (cache hit)
78 silly packumentCache full:https://registry.npmjs.org/commander set size:333572 disposed:false
79 http fetch GET 200 https://registry.npmjs.org/bindings 141ms (cache hit)
80 silly packumentCache full:https://registry.npmjs.org/bindings set size:31303 disposed:false
81 http fetch GET 200 https://registry.npmjs.org/supermixer 138ms (cache hit)
82 silly packumentCache full:https://registry.npmjs.org/supermixer set size:27552 disposed:false
83 http fetch GET 200 https://registry.npmjs.org/nan 145ms (cache hit)
84 silly packumentCache full:https://registry.npmjs.org/nan set size:218271 disposed:false
85 http fetch GET 200 https://registry.npmjs.org/lodash 145ms (cache hit)
86 silly packumentCache full:https://registry.npmjs.org/lodash set size:242370 disposed:false
87 http fetch GET 200 https://registry.npmjs.org/buffer 151ms (cache hit)
88 silly packumentCache full:https://registry.npmjs.org/buffer set size:280480 disposed:false
89 silly placeDep node_modules/stampit lodash@3.10.1 OK for: stampit@2.1.2 want: ^3.9.1
90 silly placeDep ROOT supermixer@1.0.5 OK for: stampit@2.1.2 want: ^1.0.3
91 silly placeDep node_modules/node-modbus buffer@5.7.1 OK for: crc@3.8.0 want: ^5.1.0
92 silly placeDep node_modules/node-modbus bindings@1.2.1 OK for: serialport@4.0.7 want: 1.2.1
93 silly placeDep node_modules/node-modbus commander@2.20.3 OK for: serialport@4.0.7 want: ^2.9.0
94 silly placeDep ROOT lie@3.3.0 OK for: serialport@4.0.7 want: ^3.1.0
95 silly placeDep ROOT nan@2.22.0 OK for: serialport@4.0.7 want: ^2.4.0
96 silly fetch manifest immediate@~3.0.5
97 silly packumentCache full:https://registry.npmjs.org/immediate cache-miss
98 http fetch GET 200 https://registry.npmjs.org/immediate 12ms (cache hit)
99 silly packumentCache full:https://registry.npmjs.org/immediate set size:66460 disposed:false
100 silly placeDep ROOT immediate@3.0.6 OK for: lie@3.3.0 want: ~3.0.5
101 silly reify moves {}
102 warn deprecated serialport@4.0.7: This version is no longer supported, to receive security updates and bug fixes upgrade to the latest version.
103 silly audit bulk request {
103 silly audit   '@babel/runtime': [ '7.26.0' ],
103 silly audit   'regenerator-runtime': [ '0.14.1', '0.13.11' ],
103 silly audit   '@gar/promisify': [ '1.1.3' ],
103 silly audit   '@influxdata/influxdb-client': [ '1.33.2' ],
103 silly audit   '@leichtgewicht/ip-codec': [ '2.0.5' ],
103 silly audit   '@mapbox/node-pre-gyp': [ '1.0.9' ],
103 silly audit   'agent-base': [ '6.0.2', '4.3.0' ],
103 silly audit   'brace-expansion': [ '1.1.11', '2.0.1', '1.1.6' ],
103 silly audit   debug: [ '4.4.0', '4.3.4', '2.6.9', '4.3.7', '3.2.7', '2.2.0' ],
103 silly audit   glob: [ '7.2.3', '9.3.5', '7.1.1' ],
103 silly audit   'https-proxy-agent': [ '5.0.1', '2.2.4' ],
103 silly audit   minimatch: [ '3.1.2', '8.0.4', '3.0.3' ],
103 silly audit   ms: [ '2.1.3', '2.1.2', '2.0.0', '0.7.1' ],
103 silly audit   rimraf: [ '3.0.2', '2.7.1', '4.4.1', '2.5.4' ],
103 silly audit   '@npmcli/fs': [ '1.1.1' ],
103 silly audit   '@npmcli/move-file': [ '1.1.2' ],
103 silly audit   '@openp4nr/modbus-serial': [ '8.2.0' ],
103 silly audit   '@serialport/bindings-cpp': [ '10.8.0', '12.0.1' ],
103 silly audit   '@serialport/parser-byte-length': [ '10.5.0', '12.0.0' ],
103 silly audit   '@serialport/parser-cctalk': [ '10.5.0', '12.0.0' ],
103 silly audit   '@serialport/parser-delimiter': [ '10.5.0', '11.0.0', '12.0.0' ],
103 silly audit   '@serialport/parser-inter-byte-timeout': [ '10.5.0', '12.0.0' ],
103 silly audit   '@serialport/parser-packet-length': [ '10.5.0', '12.0.0' ],
103 silly audit   '@serialport/parser-readline': [ '10.5.0', '11.0.0', '12.0.0' ],
103 silly audit   '@serialport/parser-ready': [ '10.5.0', '12.0.0' ],
103 silly audit   '@serialport/parser-regex': [ '10.5.0', '12.0.0' ],
103 silly audit   '@serialport/parser-slip-encoder': [ '10.5.0', '12.0.0' ],
103 silly audit   '@serialport/parser-spacepacket': [ '10.5.0', '12.0.0' ],
103 silly audit   '@serialport/stream': [ '10.5.0', '12.0.0' ],
103 silly audit   'node-addon-api': [ '5.1.0', '7.0.0', '7.1.1' ],
103 silly audit   serialport: [ '10.5.0', '12.0.0', '4.0.7' ],
103 silly audit   '@peculiar/asn1-cms': [ '2.3.15' ],
103 silly audit   '@peculiar/asn1-csr': [ '2.3.15' ],
103 silly audit   '@peculiar/asn1-ecc': [ '2.3.15' ],
103 silly audit   '@peculiar/asn1-pfx': [ '2.3.15' ],
103 silly audit   '@peculiar/asn1-pkcs8': [ '2.3.15' ],
103 silly audit   '@peculiar/asn1-pkcs9': [ '2.3.15' ],
103 silly audit   '@peculiar/asn1-rsa': [ '2.3.15' ],
103 silly audit   '@peculiar/asn1-schema': [ '2.3.15' ],
103 silly audit   '@peculiar/asn1-x509': [ '2.3.15' ],
103 silly audit   '@peculiar/asn1-x509-attr': [ '2.3.15' ],
103 silly audit   '@peculiar/json-schema': [ '1.1.12' ],
103 silly audit   '@peculiar/webcrypto': [ '1.5.0' ],
103 silly audit   '@peculiar/x509': [ '1.12.3' ],
103 silly audit   '@serialport/binding-mock': [ '10.2.2' ],
103 silly audit   '@serialport/bindings-interface': [ '1.2.2' ],
103 silly audit   '@serialport/list': [ '12.0.0' ],
103 silly audit   '@socket.io/component-emitter': [ '3.1.2' ],
103 silly audit   '@st-one-io/nodes7': [ '1.1.0' ],
103 silly audit   '@ster5/global-mutex': [ '2.0.0' ],
103 silly audit   '@tensorflow/tfjs': [ '4.22.0', '4.10.0' ],
103 silly audit   '@tensorflow/tfjs-converter': [ '4.22.0', '4.10.0' ],
103 silly audit   '@tensorflow/tfjs-core': [ '4.22.0', '4.10.0' ],
103 silly audit   '@types/offscreencanvas': [ '2019.7.3', '2019.3.0' ],
103 silly audit   '@tensorflow/tfjs-node': [ '4.22.0', '4.10.0' ],
103 silly audit   '@tensorflow/tfjs-backend-cpu': [ '4.22.0', '4.10.0' ],
103 silly audit   '@tensorflow/tfjs-backend-webgl': [ '4.22.0', '4.10.0' ],
103 silly audit   '@tensorflow/tfjs-data': [ '4.22.0', '4.10.0' ],
103 silly audit   '@tensorflow/tfjs-layers': [ '4.22.0', '4.10.0' ],
103 silly audit   cliui: [ '7.0.4', '8.0.1' ],
103 silly audit   yargs: [ '16.2.0', '17.7.2' ],
103 silly audit   'yargs-parser': [ '20.2.9', '21.1.1' ],
103 silly audit   '@tootallnate/once': [ '1.1.2' ],
103 silly audit   '@types/asn1': [ '0.2.4' ],
103 silly audit   '@types/async': [ '3.2.24' ],
103 silly audit   '@types/cookie': [ '0.4.1' ],
103 silly audit   '@types/cors': [ '2.8.17' ],
103 silly audit   '@types/dns-packet': [ '5.6.5' ],
103 silly audit   '@types/jsrsasign': [ '10.5.15' ],
103 silly audit   '@types/lodash': [ '4.17.13' ],
103 silly audit   '@types/long': [ '4.0.2' ],
103 silly audit   '@types/mkdirp': [ '1.0.2' ],
103 silly audit   '@types/multicast-dns': [ '7.2.4' ],
103 silly audit   '@types/node': [ '22.10.3' ],
103 silly audit   '@types/node-fetch': [ '2.6.12' ],
103 silly audit   '@types/proper-lockfile': [ '4.1.4' ],
103 silly audit   '@types/readable-stream': [ '4.0.18' ],
103 silly audit   'safe-buffer': [ '5.1.2', '5.2.1' ],
103 silly audit   '@types/retry': [ '0.12.5' ],
103 silly audit   '@types/seedrandom': [ '2.4.34' ],
103 silly audit   '@types/semver': [ '7.5.8' ],
103 silly audit   '@types/sshpk': [ '1.17.4' ],
103 silly audit   '@types/ws': [ '8.5.13' ],
103 silly audit   '@webgpu/types': [ '0.1.38', '0.1.30' ],
103 silly audit   '@xstate/fsm': [ '2.1.0' ],
103 silly audit   abbrev: [ '1.1.1', '1.0.9' ],
103 silly audit   'abort-controller': [ '3.0.0' ],
103 silly audit   accepts: [ '1.3.8' ],
103 silly audit   negotiator: [ '0.6.3', '0.6.4' ],
103 silly audit   'adm-zip': [ '0.5.16' ],
103 silly audit   agentkeepalive: [ '4.6.0' ],
103 silly audit   'aggregate-error': [ '3.1.0' ],
103 silly audit   ajv: [ '6.12.6' ],
103 silly audit   'ansi-regex': [ '5.0.1', '2.0.0' ],
103 silly audit   'ansi-styles': [ '4.3.0', '2.2.1' ],
103 silly audit   'any-promise': [ '1.3.0' ],
103 silly audit   aproba: [ '2.0.0', '1.0.4' ],
103 silly audit   'are-we-there-yet': [ '2.0.0', '3.0.1', '1.1.2' ],
103 silly audit   argparse: [ '1.0.10' ],
103 silly audit   'array-flatten': [ '2.1.2' ],
103 silly audit   asn1: [ '0.2.6', '0.2.3' ],
103 silly audit   'asn1.js': [ '4.10.1' ],
103 silly audit   asn1js: [ '3.0.5' ],
103 silly audit   assert: [ '2.1.0' ],
103 silly audit   'assert-plus': [ '1.0.0', '0.2.0' ],
103 silly audit   async: [ '3.2.6' ],
103 silly audit   asynckit: [ '0.4.0' ],
103 silly audit   'available-typed-arrays': [ '1.0.7' ],
103 silly audit   'aws-sign2': [ '0.7.0', '0.6.0' ],
103 silly audit   aws4: [ '1.13.2', '1.5.0' ],
103 silly audit   axios: [ '1.7.9' ],
103 silly audit   backoff: [ '2.5.0' ],
103 silly audit   'balanced-match': [ '1.0.2', '0.4.2' ],
103 silly audit   'base64-js': [ '1.5.1' ],
103 silly audit   base64id: [ '2.0.0' ],
103 silly audit   base64url: [ '2.0.0' ],
103 silly audit   'bcrypt-pbkdf': [ '1.0.2', '1.0.0' ],
103 silly audit   bindings: [ '1.5.0', '1.2.1' ],
103 silly audit   bl: [ '6.0.18', '4.1.0' ],
103 silly audit   'readable-stream': [ '4.6.0', '3.6.2', '2.2.2', '2.1.5' ],
103 silly audit   'bn.js': [ '4.12.1' ],
103 silly audit   bson: [ '6.9.0' ],
103 silly audit   buffer: [ '6.0.3', '5.7.1' ],
103 silly audit   'buffer-crc32': [ '0.2.13' ],
103 silly audit   'buffer-equal-constant-time': [ '1.0.1' ],
103 silly audit   'buffer-from': [ '1.1.2' ],
103 silly audit   byline: [ '5.0.0' ],
103 silly audit   bytes: [ '3.1.2' ],
103 silly audit   cacache: [ '15.3.0' ],
103 silly audit   'lru-cache': [ '6.0.0', '10.4.3' ],
103 silly audit   minipass: [ '3.3.6', '4.2.8', '2.9.0', '7.1.2', '5.0.0' ],
103 silly audit   'call-bind': [ '1.0.8' ],
103 silly audit   'call-bind-apply-helpers': [ '1.0.1' ],
103 silly audit   'call-bound': [ '1.0.3' ],
103 silly audit   caseless: [ '0.12.0', '0.11.0' ],
103 silly audit   chalk: [ '4.1.2', '1.1.3' ],
103 silly audit   chokidar: [ '4.0.1' ],
103 silly audit   chownr: [ '2.0.0', '1.1.4' ],
103 silly audit   'clean-stack': [ '2.2.0' ],
103 silly audit   'cli-table': [ '0.3.11' ],
103 silly audit   'color-convert': [ '2.0.1' ],
103 silly audit   'color-name': [ '1.1.4' ],
103 silly audit   'color-support': [ '1.1.3' ],
103 silly audit   colors: [ '1.0.3' ],
103 silly audit   'combined-stream': [ '1.0.8', '1.0.5' ],
103 silly audit   commander: [ '11.0.0', '2.20.3' ],
103 silly audit   commist: [ '3.2.0' ],
103 silly audit   compressible: [ '2.0.18' ],
103 silly audit   compression: [ '1.7.5' ],
103 silly audit   'concat-map': [ '0.0.1' ],
103 silly audit   'concat-stream': [ '2.0.0' ],
103 silly audit   'console-control-strings': [ '1.1.0' ],
103 silly audit   cookie: [ '0.7.2' ],
103 silly audit   'core-js': [ '3.29.1' ],
103 silly audit   'core-util-is': [ '1.0.2' ],
103 silly audit   cors: [ '2.8.5' ],
103 silly audit   crc: [ '3.4.0', '3.8.0' ],
103 silly audit   dashdash: [ '1.14.1' ],
103 silly audit   'data-uri-to-buffer': [ '4.0.1' ],
103 silly audit   'decompress-response': [ '6.0.0' ],
103 silly audit   'deep-extend': [ '0.6.0', '0.4.1' ],
103 silly audit   'define-data-property': [ '1.1.4' ],
103 silly audit   'define-properties': [ '1.2.1' ],
103 silly audit   'delayed-stream': [ '1.0.0' ],
103 silly audit   delegates: [ '1.0.0' ],
103 silly audit   depd: [ '2.0.0' ],
103 silly audit   dequeue: [ '1.0.5' ],
103 silly audit   destroy: [ '1.2.0' ],
103 silly audit   'detect-libc': [ '2.0.3' ],
103 silly audit   'dns-equal': [ '1.0.0' ],
103 silly audit   'dns-packet': [ '5.6.1' ],
103 silly audit   'dunder-proto': [ '1.0.1' ],
103 silly audit   'ecc-jsbn': [ '0.1.2', '0.1.1' ],
103 silly audit   'ecdsa-sig-formatter': [ '1.0.11' ],
103 silly audit   'ee-first': [ '1.1.1' ],
103 silly audit   'emoji-regex': [ '8.0.0' ],
103 silly audit   encodeurl: [ '2.0.0', '1.0.2' ],
103 silly audit   encoding: [ '0.1.13' ],
103 silly audit   'end-of-stream': [ '1.4.4' ],
103 silly audit   'engine.io': [ '6.6.2' ],
103 silly audit   'engine.io-parser': [ '5.2.3' ],
103 silly audit   'env-paths': [ '2.2.1' ],
103 silly audit   'err-code': [ '2.0.3' ],
103 silly audit   'es-define-property': [ '1.0.1' ],
103 silly audit   'es-errors': [ '1.3.0' ],
103 silly audit   'es-object-atoms': [ '1.0.0' ],
103 silly audit   'es6-promise': [ '4.2.8' ],
103 silly audit   'es6-promisify': [ '5.0.0' ],
103 silly audit   escalade: [ '3.2.0' ],
103 silly audit   'escape-html': [ '1.0.3' ],
103 silly audit   etag: [ '1.8.1' ],
103 silly audit   'event-target-shim': [ '5.0.1' ],
103 silly audit   events: [ '3.3.0' ],
103 silly audit   'expand-template': [ '2.0.3' ],
103 silly audit   extend: [ '3.0.2', '3.0.0' ],
103 silly audit   extsprintf: [ '1.3.0', '1.0.2' ],
103 silly audit   'fast-deep-equal': [ '3.1.3' ],
103 silly audit   'fast-json-stable-stringify': [ '2.1.0' ],
103 silly audit   'fast-unique-numbers': [ '8.0.13' ],
103 silly audit   'fetch-blob': [ '3.2.0' ],
103 silly audit   'file-uri-to-path': [ '1.0.0' ],
103 silly audit   flatted: [ '3.3.2' ],
103 silly audit   'follow-redirects': [ '1.15.9' ],
103 silly audit   'for-each': [ '0.3.3' ],
103 silly audit   'forever-agent': [ '0.6.1' ],
103 silly audit   'form-data': [ '4.0.1', '2.3.3', '2.1.2' ],
103 silly audit   'formdata-polyfill': [ '4.0.10' ],
103 silly audit   fresh: [ '0.5.2' ],
103 silly audit   'fs-constants': [ '1.0.0' ],
103 silly audit   'fs-extra': [ '11.2.0' ],
103 silly audit   'fs-minipass': [ '2.1.0', '1.2.7' ],
103 silly audit   'fs.realpath': [ '1.0.0' ],
103 silly audit   'function-bind': [ '1.1.2' ],
103 silly audit   gauge: [ '3.0.2', '4.0.4', '2.7.2' ],
103 silly audit   'get-caller-file': [ '2.0.5' ],
103 silly audit   'get-intrinsic': [ '1.2.7' ],
103 silly audit   'get-proto': [ '1.0.0' ],
103 silly audit   'get-user-locale': [ '2.3.2' ],
103 silly audit   getpass: [ '0.1.7', '0.1.6' ],
103 silly audit   'github-from-package': [ '0.0.0' ],
103 silly audit   'google-protobuf': [ '3.21.4' ],
103 silly audit   gopd: [ '1.2.0' ],
103 silly audit   'graceful-fs': [ '4.2.11', '4.1.11' ],
103 silly audit   gridstack: [ '0.6.4' ],
103 silly audit   'har-schema': [ '2.0.0' ],
103 silly audit   'har-validator': [ '5.1.5', '2.0.6' ],
103 silly audit   'has-flag': [ '4.0.0' ],
103 silly audit   'has-property-descriptors': [ '1.0.2' ],
103 silly audit   'has-symbols': [ '1.1.0' ],
103 silly audit   'has-tostringtag': [ '1.0.2' ],
103 silly audit   'has-unicode': [ '2.0.1' ],
103 silly audit   hasown: [ '2.0.2' ],
103 silly audit   'help-me': [ '5.0.0' ],
103 silly audit   hexy: [ '0.3.5' ],
103 silly audit   'http-cache-semantics': [ '4.1.1' ],
103 silly audit   'http-errors': [ '2.0.0' ],
103 silly audit   'http-proxy-agent': [ '4.0.1' ],
103 silly audit   'http-signature': [ '1.2.0', '1.1.1' ],
103 silly audit   humanize: [ '0.0.9' ],
103 silly audit   'humanize-ms': [ '1.2.1' ],
103 silly audit   'iconv-lite': [ '0.6.3' ],
103 silly audit   ieee754: [ '1.2.1' ],
103 silly audit   imurmurhash: [ '0.1.4' ],
103 silly audit   'indent-string': [ '4.0.0' ],
103 silly audit   'infer-owner': [ '1.0.4' ],
103 silly audit   inflight: [ '1.0.6' ],
103 silly audit   influx: [ '5.9.3' ],
103 silly audit   inherits: [ '2.0.4', '2.0.3' ],
103 silly audit   ini: [ '1.3.8', '1.3.4' ],
103 silly audit   'invert-kv': [ '3.0.1' ],
103 silly audit   'ip-address': [ '9.0.5' ],
103 silly audit   jsbn: [ '1.1.0', '0.1.1', '0.1.0' ],
103 silly audit   'sprintf-js': [ '1.1.3', '1.0.3' ],
103 silly audit   'is-arguments': [ '1.2.0' ],
103 silly audit   'is-callable': [ '1.2.7' ],
103 silly audit   'is-fullwidth-code-point': [ '3.0.0', '1.0.0' ],
103 silly audit   'is-generator-function': [ '1.0.10' ],
103 silly audit   'is-lambda': [ '1.0.1' ],
103 silly audit   'is-nan': [ '1.3.2' ],
103 silly audit   'is-typed-array': [ '1.1.15' ],
103 silly audit   'is-typedarray': [ '1.0.0' ],
103 silly audit   isexe: [ '2.0.0' ],
103 silly audit   'iso-on-tcp': [ '0.1.0' ],
103 silly audit   isstream: [ '0.1.2' ],
103 silly audit   'jimp-compact': [ '0.10.3' ],
103 silly audit   'jpeg-js': [ '0.4.4' ],
103 silly audit   jquery: [ '3.7.1' ],
103 silly audit   'js-sdsl': [ '4.3.0' ],
103 silly audit   jsmodbus: [ '4.0.10' ],
103 silly audit   'json-schema': [ '0.4.0', '0.2.3' ],
103 silly audit   'json-schema-traverse': [ '0.4.1' ],
103 silly audit   'json-stringify-safe': [ '5.0.1' ],
103 silly audit   jsonfile: [ '6.1.0' ],
103 silly audit   jsonwebtoken: [ '9.0.2', '8.5.1' ],
103 silly audit   jsprim: [ '1.4.2', '1.3.1' ],
103 silly audit   jsrsasign: [ '11.1.0' ],
103 silly audit   jwa: [ '1.4.1' ],
103 silly audit   jws: [ '3.2.2' ],
103 silly audit   lcid: [ '3.1.1' ],
103 silly audit   'line-by-line': [ '0.1.6' ],
103 silly audit   lodash: [ '4.17.21', '3.10.1' ],
103 silly audit   'lodash.clonedeep': [ '4.5.0' ],
103 silly audit   'lodash.includes': [ '4.3.0' ],
103 silly audit   'lodash.isboolean': [ '3.0.3' ],
103 silly audit   'lodash.isinteger': [ '4.0.4' ],
103 silly audit   'lodash.isnumber': [ '3.0.3' ],
103 silly audit   'lodash.isplainobject': [ '4.0.6' ],
103 silly audit   'lodash.isstring': [ '4.0.1' ],
103 silly audit   'lodash.once': [ '4.1.1' ],
103 silly audit   long: [ '4.0.0' ],
103 silly audit   ltx: [ '3.1.1' ],
103 silly audit   'make-dir': [ '3.1.0' ],
103 silly audit   semver: [ '6.3.1', '5.7.2', '7.6.3', '5.3.0' ],
103 silly audit   'make-fetch-happen': [ '9.1.0' ],
103 silly audit   'map-age-cleaner': [ '0.1.3' ],
103 silly audit   'math-intrinsics': [ '1.1.0' ],
103 silly audit   mem: [ '8.1.1' ],
103 silly audit   mime: [ '1.6.0' ],
103 silly audit   'mime-db': [ '1.53.0', '1.52.0', '1.25.0' ],
103 silly audit   'mime-types': [ '2.1.35', '2.1.13' ],
103 silly audit   'mimic-fn': [ '3.1.0' ],
103 silly audit   'mimic-response': [ '3.1.0' ],
103 silly audit   'minimalistic-assert': [ '1.0.1' ],
103 silly audit   minimist: [ '1.2.6', '1.2.8', '0.0.8', '1.2.0' ],
103 silly audit   'minipass-collect': [ '1.0.2' ],
103 silly audit   'minipass-fetch': [ '1.4.1' ],
103 silly audit   'minipass-flush': [ '1.0.5' ],
103 silly audit   'minipass-pipeline': [ '1.2.4' ],
103 silly audit   'minipass-sized': [ '1.0.3' ],
103 silly audit   minizlib: [ '2.1.2', '1.3.3' ],
103 silly audit   mkdirp: [ '1.0.4', '0.5.6', '0.5.1' ],
103 silly audit   'mkdirp-classic': [ '0.5.3' ],
103 silly audit   mqtt: [ '5.10.3' ],
103 silly audit   'mqtt-packet': [ '9.0.1' ],
103 silly audit   'multicast-dns': [ '7.2.5' ],
103 silly audit   'napi-build-utils': [ '1.0.2' ],
103 silly audit   'node-abi': [ '3.71.0' ],
103 silly audit   'node-domexception': [ '1.0.0' ],
103 silly audit   'node-fetch': [ '2.6.13', '3.3.2' ],
103 silly audit   'node-gyp': [ '8.4.1' ],
103 silly audit   'node-gyp-build': [ '4.6.0' ],
103 silly audit   npmlog: [ '6.0.2', '5.0.1', '4.0.1' ],
103 silly audit   'node-jwk': [ '0.1.0' ],
103 silly audit   'node-mqtt': [ '0.0.1' ],
103 silly audit   'node-opcua': [ '2.139.0' ],
103 silly audit   'node-opcua-address-space': [ '2.139.0', '2.140.0' ],
103 silly audit   'node-opcua-address-space-base': [ '2.139.0' ],
103 silly audit   'node-opcua-address-space-for-conformance-testing': [ '2.139.0' ],
103 silly audit   'node-opcua-aggregates': [ '2.139.0' ],
103 silly audit   'node-opcua-alarm-condition': [ '2.139.0' ],
103 silly audit   'node-opcua-assert': [ '2.139.0' ],
103 silly audit   'node-opcua-basic-types': [ '2.139.0' ],
103 silly audit   'node-opcua-binary-stream': [ '2.139.0' ],
103 silly audit   'node-opcua-buffer-utils': [ '2.139.0' ],
103 silly audit   'node-opcua-certificate-manager': [ '2.139.0' ],
103 silly audit   'node-opcua-chunkmanager': [ '2.139.0' ],
103 silly audit   'node-opcua-client': [ '2.139.0' ],
103 silly audit   'node-opcua-client-crawler': [ '2.127.1' ],
103 silly audit   'node-opcua-client-dynamic-extension-object': [ '2.139.0', '2.140.0' ],
103 silly audit   'node-opcua-client-proxy': [ '2.139.0' ],
103 silly audit   'node-opcua-common': [ '2.139.0' ],
103 silly audit   'node-opcua-constants': [ '2.139.0' ],
103 silly audit   'node-opcua-crypto': [ '4.15.0' ],
103 silly audit   'node-opcua-data-access': [ '2.139.0' ],
103 silly audit   'node-opcua-data-model': [ '2.139.0' ],
103 silly audit   'node-opcua-data-value': [ '2.139.0' ],
103 silly audit   'node-opcua-date-time': [ '2.139.0' ],
103 silly audit   'node-opcua-debug': [ '2.139.0' ],
103 silly audit   'node-opcua-enum': [ '2.139.0' ],
103 silly audit   'node-opcua-extension-object': [ '2.139.0' ],
103 silly audit   'node-opcua-factory': [ '2.139.0' ],
103 silly audit   'node-opcua-file-transfer': [ '2.140.0' ],
103 silly audit   'node-opcua-pseudo-session': [ '2.140.0', '2.139.0' ],
103 silly audit   'node-opcua-service-subscription': [ '2.140.0', '2.139.0' ],
103 silly audit   'node-opcua-generator': [ '2.139.0' ],
103 silly audit   'node-opcua-guid': [ '2.139.0' ],
103 silly audit   'node-opcua-hostname': [ '2.139.0' ],
103 silly audit   'node-opcua-nodeid': [ '2.139.0' ],
103 silly audit   'node-opcua-nodeset-ua': [ '2.139.0' ],
103 silly audit   'node-opcua-nodesets': [ '2.139.0' ],
103 silly audit   'node-opcua-numeric-range': [ '2.139.0' ],
103 silly audit   'node-opcua-object-registry': [ '2.139.0' ],
103 silly audit   'node-opcua-packet-analyzer': [ '2.139.0' ],
103 silly audit   'node-opcua-packet-assembler': [ '2.139.0' ],
103 silly audit   'node-opcua-pki': [ '4.17.0' ],
103 silly audit   'node-opcua-schemas': [ '2.139.0' ],
103 silly audit   'node-opcua-secure-channel': [ '2.139.0' ],
103 silly audit   'node-opcua-server': [ '2.139.0' ],
103 silly audit   'node-opcua-server-discovery': [ '2.139.0' ],
103 silly audit   'node-opcua-service-browse': [ '2.139.0' ],
103 silly audit   'node-opcua-service-call': [ '2.139.0' ],
103 silly audit   'node-opcua-service-discovery': [ '2.139.0' ],
103 silly audit   'node-opcua-service-endpoints': [ '2.139.0' ],
103 silly audit   'node-opcua-service-filter': [ '2.139.0' ],
103 silly audit   'node-opcua-service-history': [ '2.139.0' ],
103 silly audit   'node-opcua-service-node-management': [ '2.139.0' ],
103 silly audit   'node-opcua-service-query': [ '2.139.0' ],
103 silly audit   'node-opcua-service-read': [ '2.139.0' ],
103 silly audit   'node-opcua-service-register-node': [ '2.139.0' ],
103 silly audit   'node-opcua-service-secure-channel': [ '2.139.0' ],
103 silly audit   'node-opcua-service-session': [ '2.139.0' ],
103 silly audit   'node-opcua-service-translate-browse-path': [ '2.139.0' ],
103 silly audit   'node-opcua-service-write': [ '2.139.0' ],
103 silly audit   'node-opcua-status-code': [ '2.139.0' ],
103 silly audit   'node-opcua-transport': [ '2.139.0' ],
103 silly audit   'node-opcua-types': [ '2.139.0' ],
103 silly audit   'node-opcua-utils': [ '2.139.0' ],
103 silly audit   'node-opcua-variant': [ '2.139.0' ],
103 silly audit   'node-opcua-vendor-diagnostic': [ '2.139.0' ],
103 silly audit   'node-opcua-xml2json': [ '2.139.0' ],
103 silly audit   'node-red-contrib-image-output': [ '0.6.4' ],
103 silly audit   'node-red-contrib-influxdb': [ '0.7.0' ],
103 silly audit   'node-red-contrib-jwt': [ '0.1.0' ],
103 silly audit   'node-red-contrib-modbus': [ '5.43.0' ],
103 silly audit   'node-red-contrib-opcua': [ '0.2.339' ],
103 silly audit   'node-red-contrib-s7': [ '3.1.0' ],
103 silly audit   'node-red-contrib-teachable-machine': [ '1.4.1' ],
103 silly audit   'node-red-contrib-teachable-machine-cloudonly': [ '1.0.4' ],
103 silly audit   pngjs: [ '7.0.0', '3.4.0' ],
103 silly audit   pureimage: [ '0.4.8', '0.3.17' ],
103 silly audit   tar: [ '4.4.19', '6.2.1', '2.2.1' ],
103 silly audit   yallist: [ '3.1.1', '4.0.0' ],
103 silly audit   'node-red-contrib-tf-model': [ '0.1.12' ],
103 silly audit   'node-red-contrib-webcam': [ '0.0.1' ],
103 silly audit   'node-red-dashboard': [ '3.6.5' ],
103 silly audit   'node-red-node-sqlite': [ '1.1.0' ],
103 silly audit   'node-red-node-ui-webcam': [ '0.4.0' ],
103 silly audit   nopt: [ '5.0.0', '3.0.6' ],
103 silly audit   'number-allocator': [ '1.0.14' ],
103 silly audit   'oauth-sign': [ '0.9.0', '0.8.2' ],
103 silly audit   'object-assign': [ '4.1.1', '4.1.0' ],
103 silly audit   'object-is': [ '1.1.6' ],
103 silly audit   'object-keys': [ '1.1.1' ],
103 silly audit   'object.assign': [ '4.1.7' ],
103 silly audit   'on-finished': [ '2.4.1' ],
103 silly audit   'on-headers': [ '1.0.2' ],
103 silly audit   once: [ '1.4.0', '1.3.3' ],
103 silly audit   'opentype.js': [ '0.4.11' ],
103 silly audit   'os-locale': [ '6.0.2' ],
103 silly audit   'p-defer': [ '1.0.0' ],
103 silly audit   'p-map': [ '4.0.0' ],
103 silly audit   parseurl: [ '1.3.3' ],
103 silly audit   'path-is-absolute': [ '1.0.1' ],
103 silly audit   'path-scurry': [ '1.11.1' ],
103 silly audit   pend: [ '1.2.0' ],
103 silly audit   'performance-now': [ '2.1.0' ],
103 silly audit   'possible-typed-array-names': [ '1.0.0' ],
103 silly audit   'prebuild-install': [ '7.1.2' ],
103 silly audit   precond: [ '0.2.3' ],
103 silly audit   process: [ '0.11.10' ],
103 silly audit   'process-nextick-args': [ '2.0.1', '1.0.7' ],
103 silly audit   progress: [ '2.0.3' ],
103 silly audit   'promise-inflight': [ '1.0.1' ],
103 silly audit   'promise-retry': [ '2.0.1' ],
103 silly audit   'proper-lockfile': [ '4.1.2' ],
103 silly audit   'proxy-from-env': [ '1.1.0' ],
103 silly audit   psl: [ '1.15.0' ],
103 silly audit   pump: [ '3.0.2' ],
103 silly audit   punycode: [ '2.3.1', '1.4.1' ],
103 silly audit   pvtsutils: [ '1.3.6' ],
103 silly audit   pvutils: [ '1.1.3' ],
103 silly audit   qs: [ '6.5.3', '6.3.0' ],
103 silly audit   'range-parser': [ '1.2.1' ],
103 silly audit   rc: [ '1.2.8', '1.1.6' ],
103 silly audit   readdirp: [ '4.0.2' ],
103 silly audit   'reflect-metadata': [ '0.2.2' ],
103 silly audit   reinterval: [ '1.1.0' ],
103 silly audit   request: [ '2.88.2', '2.79.0' ],
103 silly audit   'require-directory': [ '2.1.1' ],
103 silly audit   retry: [ '0.12.0' ],
103 silly audit   rfdc: [ '1.4.1' ],
103 silly audit   'safer-buffer': [ '2.1.2' ],
103 silly audit   seedrandom: [ '3.0.5' ],
103 silly audit   send: [ '0.19.0' ],
103 silly audit   'serve-static': [ '1.16.2' ],
103 silly audit   'set-blocking': [ '2.0.0' ],
103 silly audit   'set-function-length': [ '1.2.2' ],
103 silly audit   'set-prototype-of': [ '1.0.0' ],
103 silly audit   setprototypeof: [ '1.2.0' ],
103 silly audit   'signal-exit': [ '3.0.7', '3.0.2' ],
103 silly audit   'simple-concat': [ '1.0.1' ],
103 silly audit   'simple-get': [ '4.0.1' ],
103 silly audit   'smart-buffer': [ '4.2.0' ],
103 silly audit   'socket.io': [ '4.8.1' ],
103 silly audit   'socket.io-adapter': [ '2.5.5' ],
103 silly audit   'socket.io-parser': [ '4.2.4' ],
103 silly audit   socks: [ '2.8.3' ],
103 silly audit   'socks-proxy-agent': [ '6.2.1' ],
103 silly audit   'source-map': [ '0.6.1' ],
103 silly audit   'source-map-support': [ '0.5.21' ],
103 silly audit   split2: [ '4.2.0' ],
103 silly audit   sqlite3: [ '5.1.7' ],
103 silly audit   sshpk: [ '1.18.0', '1.10.1' ],
103 silly audit   ssri: [ '8.0.1' ],
103 silly audit   statuses: [ '2.0.1' ],
103 silly audit   'sterfive-bonjour-service': [ '1.1.4' ],
103 silly audit   string_decoder: [ '1.3.0', '0.10.31' ],
103 silly audit   'string-width': [ '4.2.3', '1.0.2' ],
103 silly audit   'strip-ansi': [ '6.0.1', '3.0.1' ],
103 silly audit   'strip-json-comments': [ '2.0.1', '1.0.4' ],
103 silly audit   'supports-color': [ '7.2.0', '0.2.0', '2.0.0' ],
103 silly audit   'tar-fs': [ '2.1.2' ],
103 silly audit   'tar-stream': [ '2.2.0' ],
103 silly audit   thenify: [ '3.3.1' ],
103 silly audit   thunky: [ '1.1.0' ],
103 silly audit   toidentifier: [ '1.0.1' ],
103 silly audit   'tough-cookie': [ '2.5.0', '2.3.2' ],
103 silly audit   tr46: [ '0.0.3' ],
103 silly audit   tslib: [ '2.8.1', '1.14.1' ],
103 silly audit   tsyringe: [ '4.8.0' ],
103 silly audit   tunnel: [ '0.0.6' ],
103 silly audit   'tunnel-agent': [ '0.6.0', '0.4.3' ],
103 silly audit   tweetnacl: [ '0.14.5', '0.14.4' ],
103 silly audit   typedarray: [ '0.0.6' ],
103 silly audit   underscore: [ '1.13.7' ],
103 silly audit   'undici-types': [ '6.20.0' ],
103 silly audit   'unique-filename': [ '1.1.1' ],
103 silly audit   'unique-slug': [ '2.0.2' ],
103 silly audit   universalify: [ '2.0.1' ],
103 silly audit   'uri-js': [ '4.4.1' ],
103 silly audit   util: [ '0.12.5' ],
103 silly audit   'util-deprecate': [ '1.0.2' ],
103 silly audit   uuid: [ '3.4.0', '3.0.1' ],
103 silly audit   vary: [ '1.1.2' ],
103 silly audit   verror: [ '1.10.0', '1.3.6' ],
103 silly audit   'web-streams-polyfill': [ '3.3.3' ],
103 silly audit   'webcrypto-core': [ '1.8.1' ],
103 silly audit   'webidl-conversions': [ '3.0.1' ],
103 silly audit   'wget-improved-2': [ '3.3.0' ],
103 silly audit   'whatwg-url': [ '5.0.0' ],
103 silly audit   which: [ '2.0.2' ],
103 silly audit   'which-typed-array': [ '1.1.18' ],
103 silly audit   'wide-align': [ '1.1.5', '1.1.0' ],
103 silly audit   'worker-timers': [ '7.1.8' ],
103 silly audit   'worker-timers-broker': [ '6.1.8' ],
103 silly audit   'worker-timers-worker': [ '7.0.71' ],
103 silly audit   'wrap-ansi': [ '7.0.0' ],
103 silly audit   wrappy: [ '1.0.2' ],
103 silly audit   ws: [ '8.17.1' ],
103 silly audit   'xml-writer': [ '1.7.0' ],
103 silly audit   y18n: [ '5.0.8' ],
103 silly audit   yauzl: [ '3.2.0' ],
103 silly audit   'node-modbus': [ '3.2.6' ],
103 silly audit   bluebird: [ '3.7.2' ],
103 silly audit   net: [ '1.0.2' ],
103 silly audit   stampit: [ '2.1.2' ],
103 silly audit   'stampit-event-bus': [ '0.1.1' ],
103 silly audit   'stampit-log': [ '0.3.0' ],
103 silly audit   'stampit-state-machine': [ '0.2.1' ],
103 silly audit   supermixer: [ '1.0.5' ],
103 silly audit   lie: [ '3.3.0' ],
103 silly audit   nan: [ '2.22.0' ],
103 silly audit   immediate: [ '3.0.6' ],
103 silly audit   'node-pre-gyp': [ '0.6.32' ],
103 silly audit   'buffer-shims': [ '1.0.0' ],
103 silly audit   isarray: [ '1.0.0' ],
103 silly audit   'code-point-at': [ '1.1.0' ],
103 silly audit   'number-is-nan': [ '1.0.1' ],
103 silly audit   'escape-string-regexp': [ '1.0.5' ],
103 silly audit   'has-ansi': [ '2.0.0' ],
103 silly audit   'is-my-json-valid': [ '2.15.0' ],
103 silly audit   'generate-function': [ '2.0.0' ],
103 silly audit   'generate-object-property': [ '1.2.0' ],
103 silly audit   'is-property': [ '1.0.2' ],
103 silly audit   jsonpointer: [ '4.0.0' ],
103 silly audit   xtend: [ '4.0.1' ],
103 silly audit   'pinkie-promise': [ '2.0.1' ],
103 silly audit   pinkie: [ '2.0.4' ],
103 silly audit   hawk: [ '3.1.3' ],
103 silly audit   boom: [ '2.10.1' ],
103 silly audit   cryptiles: [ '2.0.5' ],
103 silly audit   hoek: [ '2.16.3' ],
103 silly audit   sntp: [ '1.0.9' ],
103 silly audit   jodid25519: [ '1.0.2' ],
103 silly audit   stringstream: [ '0.0.5' ],
103 silly audit   'block-stream': [ '0.0.9' ],
103 silly audit   fstream: [ '1.0.10' ],
103 silly audit   'tar-pack': [ '3.3.0' ],
103 silly audit   'fstream-ignore': [ '1.0.5' ],
103 silly audit   'uid-number': [ '0.0.6' ]
103 silly audit }
104 warn deprecated node-modbus@3.2.6: please, use modbus-serial (has tcp and serial) or jsmodbus - contact me to get the package access
105 info run serialport@4.0.7 install node_modules/node-modbus/node_modules/serialport node-pre-gyp install --fallback-to-build
106 http fetch POST 200 https://registry.npmjs.org/-/npm/v1/security/advisories/bulk 358ms
107 silly audit report {
107 silly audit report   'brace-expansion': [
107 silly audit report     {
107 silly audit report       id: 1091680,
107 silly audit report       url: 'https://github.com/advisories/GHSA-832h-xg76-4gv6',
107 silly audit report       title: 'ReDoS in brace-expansion',
107 silly audit report       severity: 'high',
107 silly audit report       vulnerable_versions: '<1.1.7',
107 silly audit report       cwe: [Array],
107 silly audit report       cvss: [Object]
107 silly audit report     }
107 silly audit report   ],
107 silly audit report   debug: [
107 silly audit report     {
107 silly audit report       id: 1094457,
107 silly audit report       url: 'https://github.com/advisories/GHSA-9vvw-cc9w-f27h',
107 silly audit report       title: 'debug Inefficient Regular Expression Complexity vulnerability',
107 silly audit report       severity: 'high',
107 silly audit report       vulnerable_versions: '<2.6.9',
107 silly audit report       cwe: [Array],
107 silly audit report       cvss: [Object]
107 silly audit report     },
107 silly audit report     {
107 silly audit report       id: 1096795,
107 silly audit report       url: 'https://github.com/advisories/GHSA-gxpj-cx7g-858c',
107 silly audit report       title: 'Regular Expression Denial of Service in debug',
107 silly audit report       severity: 'low',
107 silly audit report       vulnerable_versions: '<2.6.9',
107 silly audit report       cwe: [Array],
107 silly audit report       cvss: [Object]
107 silly audit report     }
107 silly audit report   ],
107 silly audit report   minimatch: [
107 silly audit report     {
107 silly audit report       id: 1096485,
107 silly audit report       url: 'https://github.com/advisories/GHSA-f8q6-p94x-37v3',
107 silly audit report       title: 'minimatch ReDoS vulnerability',
107 silly audit report       severity: 'high',
107 silly audit report       vulnerable_versions: '<3.0.5',
107 silly audit report       cwe: [Array],
107 silly audit report       cvss: [Object]
107 silly audit report     }
107 silly audit report   ],
107 silly audit report   ms: [
107 silly audit report     {
107 silly audit report       id: 1094419,
107 silly audit report       url: 'https://github.com/advisories/GHSA-w9mr-4mfr-499f',
107 silly audit report       title: 'Vercel ms Inefficient Regular Expression Complexity vulnerability',
107 silly audit report       severity: 'moderate',
107 silly audit report       vulnerable_versions: '<2.0.0',
107 silly audit report       cwe: [Array],
107 silly audit report       cvss: [Object]
107 silly audit report     }
107 silly audit report   ],
107 silly audit report   base64url: [
107 silly audit report     {
107 silly audit report       id: 1091792,
107 silly audit report       url: 'https://github.com/advisories/GHSA-rvg8-pwq2-xj7q',
107 silly audit report       title: 'Out-of-bounds Read in base64url',
107 silly audit report       severity: 'moderate',
107 silly audit report       vulnerable_versions: '<3.0.0',
107 silly audit report       cwe: [Array],
107 silly audit report       cvss: [Object]
107 silly audit report     }
107 silly audit report   ],
107 silly audit report   'deep-extend': [
107 silly audit report     {
107 silly audit report       id: 1095031,
107 silly audit report       url: 'https://github.com/advisories/GHSA-hr2v-3952-633q',
107 silly audit report       title: 'Prototype Pollution in deep-extend',
107 silly audit report       severity: 'critical',
107 silly audit report       vulnerable_versions: '<0.5.1',
107 silly audit report       cwe: [Array],
107 silly audit report       cvss: [Object]
107 silly audit report     }
107 silly audit report   ],
107 silly audit report   extend: [
107 silly audit report     {
107 silly audit report       id: 1087633,
107 silly audit report       url: 'https://github.com/advisories/GHSA-qrmc-fj45-qfc2',
107 silly audit report       title: 'Prototype Pollution in extend',
107 silly audit report       severity: 'moderate',
107 silly audit report       vulnerable_versions: '>=3.0.0 <3.0.2',
107 silly audit report       cwe: [Array],
107 silly audit report       cvss: [Object]
107 silly audit report     }
107 silly audit report   ],
107 silly audit report   ini: [
107 silly audit report     {
107 silly audit report       id: 1093224,
107 silly audit report       url: 'https://github.com/advisories/GHSA-qqgx-2p2h-9c37',
107 silly audit report       title: 'ini before 1.3.6 vulnerable to Prototype Pollution via ini.parse',
107 silly audit report       severity: 'high',
107 silly audit report       vulnerable_versions: '<1.3.6',
107 silly audit report       cwe: [Array],
107 silly audit report       cvss: [Object]
107 silly audit report     }
107 silly audit report   ],
107 silly audit report   'json-schema': [
107 silly audit report     {
107 silly audit report       id: 1095057,
107 silly audit report       url: 'https://github.com/advisories/GHSA-896r-f27r-55mw',
107 silly audit report       title: 'json-schema is vulnerable to Prototype Pollution',
107 silly audit report       severity: 'critical',
107 silly audit report       vulnerable_versions: '<0.4.0',
107 silly audit report       cwe: [Array],
107 silly audit report       cvss: [Object]
107 silly audit report     }
107 silly audit report   ],
107 silly audit report   jsonwebtoken: [
107 silly audit report     {
107 silly audit report       id: 1097684,
107 silly audit report       url: 'https://github.com/advisories/GHSA-qwph-4952-7xr6',
107 silly audit report       title: 'jsonwebtoken vulnerable to signature validation bypass due to insecure default algorithm in jwt.verify()',
107 silly audit report       severity: 'moderate',
107 silly audit report       vulnerable_versions: '<9.0.0',
107 silly audit report       cwe: [Array],
107 silly audit report       cvss: [Object]
107 silly audit report     },
107 silly audit report     {
107 silly audit report       id: 1097690,
107 silly audit report       url: 'https://github.com/advisories/GHSA-8cf7-32gw-wr33',
107 silly audit report       title: 'jsonwebtoken unrestricted key type could lead to legacy keys usage ',
107 silly audit report       severity: 'high',
107 silly audit report       vulnerable_versions: '<=8.5.1',
107 silly audit report       cwe: [Array],
107 silly audit report       cvss: [Object]
107 silly audit report     },
107 silly audit report     {
107 silly audit report       id: 1097694,
107 silly audit report       url: 'https://github.com/advisories/GHSA-hjrf-2m68-5959',
107 silly audit report       title: "jsonwebtoken's insecure implementation of key retrieval function could lead to Forgeable Public/Private Tokens from RSA to HMAC",
107 silly audit report       severity: 'moderate',
107 silly audit report       vulnerable_versions: '<=8.5.1',
107 silly audit report       cwe: [Array],
107 silly audit report       cvss: [Object]
107 silly audit report     }
107 silly audit report   ],
107 silly audit report   lodash: [
107 silly audit report     {
107 silly audit report       id: 1097130,
107 silly audit report       url: 'https://github.com/advisories/GHSA-fvqr-27wr-82fm',
107 silly audit report       title: 'Prototype Pollution in lodash',
107 silly audit report       severity: 'moderate',
107 silly audit report       vulnerable_versions: '<4.17.5',
107 silly audit report       cwe: [Array],
107 silly audit report       cvss: [Object]
107 silly audit report     },
107 silly audit report     {
107 silly audit report       id: 1096996,
107 silly audit report       url: 'https://github.com/advisories/GHSA-35jh-r3h4-6jhm',
107 silly audit report       title: 'Command Injection in lodash',
107 silly audit report       severity: 'high',
107 silly audit report       vulnerable_versions: '<4.17.21',
107 silly audit report       cwe: [Array],
107 silly audit report       cvss: [Object]
107 silly audit report     },
107 silly audit report     {
107 silly audit report       id: 1097140,
107 silly audit report       url: 'https://github.com/advisories/GHSA-jf85-cpcp-j695',
107 silly audit report       title: 'Prototype Pollution in lodash',
107 silly audit report       severity: 'critical',
107 silly audit report       vulnerable_versions: '<4.17.12',
107 silly audit report       cwe: [Array],
107 silly audit report       cvss: [Object]
107 silly audit report     },
107 silly audit report     {
107 silly audit report       id: 1094499,
107 silly audit report       url: 'https://github.com/advisories/GHSA-4xc9-xhrj-v574',
107 silly audit report       title: 'Prototype Pollution in lodash',
107 silly audit report       severity: 'high',
107 silly audit report       vulnerable_versions: '<4.17.11',
107 silly audit report       cwe: [Array],
107 silly audit report       cvss: [Object]
107 silly audit report     },
107 silly audit report     {
107 silly audit report       id: 1094500,
107 silly audit report       url: 'https://github.com/advisories/GHSA-29mw-wpgm-hmr9',
107 silly audit report       title: 'Regular Expression Denial of Service (ReDoS) in lodash',
107 silly audit report       severity: 'moderate',
107 silly audit report       vulnerable_versions: '<4.17.21',
107 silly audit report       cwe: [Array],
107 silly audit report       cvss: [Object]
107 silly audit report     },
107 silly audit report     {
107 silly audit report       id: 1096305,
107 silly audit report       url: 'https://github.com/advisories/GHSA-p6mc-m468-83gw',
107 silly audit report       title: 'Prototype Pollution in lodash',
107 silly audit report       severity: 'high',
107 silly audit report       vulnerable_versions: '>=3.7.0 <4.17.19',
107 silly audit report       cwe: [Array],
107 silly audit report       cvss: [Object]
107 silly audit report     },
107 silly audit report     {
107 silly audit report       id: 1085674,
107 silly audit report       url: 'https://github.com/advisories/GHSA-x5rq-j2xg-h7qm',
107 silly audit report       title: 'Regular Expression Denial of Service (ReDoS) in lodash',
107 silly audit report       severity: 'moderate',
107 silly audit report       vulnerable_versions: '<4.17.11',
107 silly audit report       cwe: [Array],
107 silly audit report       cvss: [Object]
107 silly audit report     }
107 silly audit report   ],
107 silly audit report   semver: [
107 silly audit report     {
107 silly audit report       id: 1101089,
107 silly audit report       url: 'https://github.com/advisories/GHSA-c2qf-rxjj-qqgw',
107 silly audit report       title: 'semver vulnerable to Regular Expression Denial of Service',
107 silly audit report       severity: 'high',
107 silly audit report       vulnerable_versions: '<5.7.2',
107 silly audit report       cwe: [Array],
107 silly audit report       cvss: [Object]
107 silly audit report     }
107 silly audit report   ],
107 silly audit report   minimist: [
107 silly audit report     {
107 silly audit report       id: 1097677,
107 silly audit report       url: 'https://github.com/advisories/GHSA-xvch-5gv4-984h',
107 silly audit report       title: 'Prototype Pollution in minimist',
107 silly audit report       severity: 'critical',
107 silly audit report       vulnerable_versions: '<0.2.4',
107 silly audit report       cwe: [Array],
107 silly audit report       cvss: [Object]
107 silly audit report     },
107 silly audit report     {
107 silly audit report       id: 1097678,
107 silly audit report       url: 'https://github.com/advisories/GHSA-xvch-5gv4-984h',
107 silly audit report       title: 'Prototype Pollution in minimist',
107 silly audit report       severity: 'critical',
107 silly audit report       vulnerable_versions: '>=1.0.0 <1.2.6',
107 silly audit report       cwe: [Array],
107 silly audit report       cvss: [Object]
107 silly audit report     },
107 silly audit report     {
107 silly audit report       id: 1096465,
107 silly audit report       url: 'https://github.com/advisories/GHSA-vh95-rmgr-6w4m',
107 silly audit report       title: 'Prototype Pollution in minimist',
107 silly audit report       severity: 'moderate',
107 silly audit report       vulnerable_versions: '>=1.0.0 <1.2.3',
107 silly audit report       cwe: [Array],
107 silly audit report       cvss: [Object]
107 silly audit report     },
107 silly audit report     {
107 silly audit report       id: 1096466,
107 silly audit report       url: 'https://github.com/advisories/GHSA-vh95-rmgr-6w4m',
107 silly audit report       title: 'Prototype Pollution in minimist',
107 silly audit report       severity: 'moderate',
107 silly audit report       vulnerable_versions: '<0.2.1',
107 silly audit report       cwe: [Array],
107 silly audit report       cvss: [Object]
107 silly audit report     }
107 silly audit report   ],
107 silly audit report   tar: [
107 silly audit report     {
107 silly audit report       id: 1089685,
107 silly audit report       url: 'https://github.com/advisories/GHSA-3jfq-g458-7qm9',
107 silly audit report       title: 'Arbitrary File Creation/Overwrite due to insufficient absolute path sanitization',
107 silly audit report       severity: 'high',
107 silly audit report       vulnerable_versions: '<3.2.2',
107 silly audit report       cwe: [Array],
107 silly audit report       cvss: [Object]
107 silly audit report     },
107 silly audit report     {
107 silly audit report       id: 1095117,
107 silly audit report       url: 'https://github.com/advisories/GHSA-5955-9wpr-37jh',
107 silly audit report       title: 'Arbitrary File Creation/Overwrite on Windows via insufficient relative path sanitization',
107 silly audit report       severity: 'high',
107 silly audit report       vulnerable_versions: '<4.4.18',
107 silly audit report       cwe: [Array],
107 silly audit report       cvss: [Object]
107 silly audit report     },
107 silly audit report     {
107 silly audit report       id: 1097493,
107 silly audit report       url: 'https://github.com/advisories/GHSA-f5x3-32g6-xq36',
107 silly audit report       title: 'Denial of service while parsing a tar file due to lack of folders count validation',
107 silly audit report       severity: 'moderate',
107 silly audit report       vulnerable_versions: '<6.2.1',
107 silly audit report       cwe: [Array],
107 silly audit report       cvss: [Object]
107 silly audit report     },
107 silly audit report     {
107 silly audit report       id: 1095119,
107 silly audit report       url: 'https://github.com/advisories/GHSA-j44m-qm6p-hp7m',
107 silly audit report       title: 'Arbitrary File Overwrite in tar',
107 silly audit report       severity: 'high',
107 silly audit report       vulnerable_versions: '<2.2.2',
107 silly audit report       cwe: [Array],
107 silly audit report       cvss: [Object]
107 silly audit report     }
107 silly audit report   ],
107 silly audit report   qs: [
107 silly audit report     {
107 silly audit report       id: 1087524,
107 silly audit report       url: 'https://github.com/advisories/GHSA-gqgv-6jq5-jjj9',
107 silly audit report       title: 'Prototype Pollution Protection Bypass in qs',
107 silly audit report       severity: 'high',
107 silly audit report       vulnerable_versions: '>=6.3.0 <6.3.2',
107 silly audit report       cwe: [Array],
107 silly audit report       cvss: [Object]
107 silly audit report     },
107 silly audit report     {
107 silly audit report       id: 1096468,
107 silly audit report       url: 'https://github.com/advisories/GHSA-hrpp-h998-j3pp',
107 silly audit report       title: 'qs vulnerable to Prototype Pollution',
107 silly audit report       severity: 'high',
107 silly audit report       vulnerable_versions: '>=6.3.0 <6.3.3',
107 silly audit report       cwe: [Array],
107 silly audit report       cvss: [Object]
107 silly audit report     }
107 silly audit report   ],
107 silly audit report   request: [
107 silly audit report     {
107 silly audit report       id: 1096727,
107 silly audit report       url: 'https://github.com/advisories/GHSA-p8p7-x288-28g6',
107 silly audit report       title: 'Server-Side Request Forgery in Request',
107 silly audit report       severity: 'moderate',
107 silly audit report       vulnerable_versions: '<=2.88.2',
107 silly audit report       cwe: [Array],
107 silly audit report       cvss: [Object]
107 silly audit report     }
107 silly audit report   ],
107 silly audit report   sshpk: [
107 silly audit report     {
107 silly audit report       id: 1089418,
107 silly audit report       url: 'https://github.com/advisories/GHSA-2m39-62fm-q8r3',
107 silly audit report       title: 'Regular Expression Denial of Service in sshpk',
107 silly audit report       severity: 'high',
107 silly audit report       vulnerable_versions: '<1.13.2',
107 silly audit report       cwe: [Array],
107 silly audit report       cvss: [Object]
107 silly audit report     }
107 silly audit report   ],
107 silly audit report   'tough-cookie': [
107 silly audit report     {
107 silly audit report       id: 1095103,
107 silly audit report       url: 'https://github.com/advisories/GHSA-g7q5-pjjr-gqvp',
107 silly audit report       title: 'Regular Expression Denial of Service in tough-cookie',
107 silly audit report       severity: 'high',
107 silly audit report       vulnerable_versions: '<2.3.3',
107 silly audit report       cwe: [Array],
107 silly audit report       cvss: [Object]
107 silly audit report     },
107 silly audit report     {
107 silly audit report       id: 1097682,
107 silly audit report       url: 'https://github.com/advisories/GHSA-72xf-g2v4-qvf3',
107 silly audit report       title: 'tough-cookie Prototype Pollution vulnerability',
107 silly audit report       severity: 'moderate',
107 silly audit report       vulnerable_versions: '<4.1.3',
107 silly audit report       cwe: [Array],
107 silly audit report       cvss: [Object]
107 silly audit report     }
107 silly audit report   ],
107 silly audit report   'tunnel-agent': [
107 silly audit report     {
107 silly audit report       id: 1085744,
107 silly audit report       url: 'https://github.com/advisories/GHSA-xc7v-wxcw-j472',
107 silly audit report       title: 'Memory Exposure in tunnel-agent',
107 silly audit report       severity: 'moderate',
107 silly audit report       vulnerable_versions: '<0.6.0',
107 silly audit report       cwe: [Array],
107 silly audit report       cvss: [Object]
107 silly audit report     }
107 silly audit report   ],
107 silly audit report   'is-my-json-valid': [
107 silly audit report     {
107 silly audit report       id: 1099823,
107 silly audit report       url: 'https://github.com/advisories/GHSA-f522-ffg8-j8r6',
107 silly audit report       title: 'Regular Expression Denial of Service in is-my-json-valid',
107 silly audit report       severity: 'high',
107 silly audit report       vulnerable_versions: '<2.17.2',
107 silly audit report       cwe: [Array],
107 silly audit report       cvss: [Object]
107 silly audit report     },
107 silly audit report     {
107 silly audit report       id: 1089938,
107 silly audit report       url: 'https://github.com/advisories/GHSA-4hpf-3wq7-5rpr',
107 silly audit report       title: 'Regular expression deinal of service (ReDoS) in is-my-json-valid',
107 silly audit report       severity: 'moderate',
107 silly audit report       vulnerable_versions: '>=2.0.0 <2.17.2',
107 silly audit report       cwe: [Array],
107 silly audit report       cvss: [Object]
107 silly audit report     }
107 silly audit report   ],
107 silly audit report   jsonpointer: [
107 silly audit report     {
107 silly audit report       id: 1089593,
107 silly audit report       url: 'https://github.com/advisories/GHSA-282f-qqgm-c34q',
107 silly audit report       title: 'Prototype Pollution in node-jsonpointer',
107 silly audit report       severity: 'moderate',
107 silly audit report       vulnerable_versions: '<5.0.0',
107 silly audit report       cwe: [Array],
107 silly audit report       cvss: [Object]
107 silly audit report     }
107 silly audit report   ],
107 silly audit report   hawk: [
107 silly audit report     {
107 silly audit report       id: 1095062,
107 silly audit report       url: 'https://github.com/advisories/GHSA-44pw-h2cw-w3vq',
107 silly audit report       title: 'Uncontrolled Resource Consumption in Hawk',
107 silly audit report       severity: 'high',
107 silly audit report       vulnerable_versions: '<9.0.1',
107 silly audit report       cwe: [Array],
107 silly audit report       cvss: [Object]
107 silly audit report     }
107 silly audit report   ],
107 silly audit report   hoek: [
107 silly audit report     {
107 silly audit report       id: 1093855,
107 silly audit report       url: 'https://github.com/advisories/GHSA-jp4x-w63m-7wgm',
107 silly audit report       title: 'Prototype Pollution in hoek',
107 silly audit report       severity: 'high',
107 silly audit report       vulnerable_versions: '<4.2.1',
107 silly audit report       cwe: [Array],
107 silly audit report       cvss: [Object]
107 silly audit report     },
107 silly audit report     {
107 silly audit report       id: 1096410,
107 silly audit report       url: 'https://github.com/advisories/GHSA-c429-5p7v-vgjp',
107 silly audit report       title: 'hoek subject to prototype pollution via the clone function.',
107 silly audit report       severity: 'high',
107 silly audit report       vulnerable_versions: '<=6.1.3',
107 silly audit report       cwe: [Array],
107 silly audit report       cvss: [Object]
107 silly audit report     }
107 silly audit report   ],
107 silly audit report   stringstream: [
107 silly audit report     {
107 silly audit report       id: 1090117,
107 silly audit report       url: 'https://github.com/advisories/GHSA-mf6x-7mm4-x2g7',
107 silly audit report       title: 'Out-of-bounds Read in stringstream',
107 silly audit report       severity: 'moderate',
107 silly audit report       vulnerable_versions: '<0.0.6',
107 silly audit report       cwe: [Array],
107 silly audit report       cvss: [Object]
107 silly audit report     }
107 silly audit report   ],
107 silly audit report   fstream: [
107 silly audit report     {
107 silly audit report       id: 1095010,
107 silly audit report       url: 'https://github.com/advisories/GHSA-xf7w-r453-m56c',
107 silly audit report       title: 'Arbitrary File Overwrite in fstream',
107 silly audit report       severity: 'high',
107 silly audit report       vulnerable_versions: '<1.0.12',
107 silly audit report       cwe: [Array],
107 silly audit report       cvss: [Object]
107 silly audit report     }
107 silly audit report   ]
107 silly audit report }
108 silly packumentCache corgi:https://registry.npmjs.org/brace-expansion cache-miss
109 silly packumentCache corgi:https://registry.npmjs.org/debug cache-miss
110 silly packumentCache corgi:https://registry.npmjs.org/minimatch cache-miss
111 silly packumentCache corgi:https://registry.npmjs.org/ms cache-miss
112 silly packumentCache corgi:https://registry.npmjs.org/base64url cache-miss
113 silly packumentCache corgi:https://registry.npmjs.org/deep-extend cache-miss
114 silly packumentCache corgi:https://registry.npmjs.org/extend cache-miss
115 silly packumentCache corgi:https://registry.npmjs.org/ini cache-miss
116 silly packumentCache corgi:https://registry.npmjs.org/json-schema cache-miss
117 silly packumentCache corgi:https://registry.npmjs.org/jsonwebtoken cache-miss
118 silly packumentCache corgi:https://registry.npmjs.org/lodash cache-miss
119 silly packumentCache corgi:https://registry.npmjs.org/semver cache-miss
120 silly packumentCache corgi:https://registry.npmjs.org/minimist cache-miss
121 silly packumentCache corgi:https://registry.npmjs.org/tar cache-miss
122 silly packumentCache corgi:https://registry.npmjs.org/qs cache-miss
123 silly packumentCache corgi:https://registry.npmjs.org/request cache-miss
124 silly packumentCache corgi:https://registry.npmjs.org/sshpk cache-miss
125 silly packumentCache corgi:https://registry.npmjs.org/tough-cookie cache-miss
126 silly packumentCache corgi:https://registry.npmjs.org/tunnel-agent cache-miss
127 silly packumentCache corgi:https://registry.npmjs.org/is-my-json-valid cache-miss
128 silly packumentCache corgi:https://registry.npmjs.org/jsonpointer cache-miss
129 silly packumentCache corgi:https://registry.npmjs.org/hawk cache-miss
130 silly packumentCache corgi:https://registry.npmjs.org/hoek cache-miss
131 silly packumentCache corgi:https://registry.npmjs.org/stringstream cache-miss
132 silly packumentCache corgi:https://registry.npmjs.org/fstream cache-miss
133 http fetch GET 200 https://registry.npmjs.org/ms 85ms (cache hit)
134 silly packumentCache corgi:https://registry.npmjs.org/ms set size:21167 disposed:false
135 http fetch GET 200 https://registry.npmjs.org/debug 88ms (cache hit)
136 silly packumentCache corgi:https://registry.npmjs.org/debug set size:73827 disposed:false
137 http fetch GET 200 https://registry.npmjs.org/brace-expansion 89ms (cache hit)
138 silly packumentCache corgi:https://registry.npmjs.org/brace-expansion set size:13552 disposed:false
139 http fetch GET 200 https://registry.npmjs.org/minimatch 89ms (cache hit)
140 silly packumentCache corgi:https://registry.npmjs.org/minimatch set size:142111 disposed:false
141 http fetch GET 200 https://registry.npmjs.org/ini 87ms (cache hit)
142 silly packumentCache corgi:https://registry.npmjs.org/ini set size:24884 disposed:false
143 http fetch GET 200 https://registry.npmjs.org/deep-extend 89ms (cache hit)
144 silly packumentCache corgi:https://registry.npmjs.org/deep-extend set size:13806 disposed:false
145 http fetch GET 200 https://registry.npmjs.org/base64url 90ms (cache hit)
146 silly packumentCache corgi:https://registry.npmjs.org/base64url set size:12907 disposed:false
147 http fetch GET 200 https://registry.npmjs.org/extend 90ms (cache hit)
148 silly packumentCache corgi:https://registry.npmjs.org/extend set size:9055 disposed:false
149 http fetch GET 200 https://registry.npmjs.org/json-schema 89ms (cache hit)
150 silly packumentCache corgi:https://registry.npmjs.org/json-schema set size:7667 disposed:false
151 http fetch GET 200 https://registry.npmjs.org/semver 87ms (cache hit)
152 silly packumentCache corgi:https://registry.npmjs.org/semver set size:92294 disposed:false
153 http fetch GET 200 https://registry.npmjs.org/minimist 87ms (cache hit)
154 silly packumentCache corgi:https://registry.npmjs.org/minimist set size:29263 disposed:false
155 http fetch GET 200 https://registry.npmjs.org/jsonwebtoken 91ms (cache hit)
156 silly packumentCache corgi:https://registry.npmjs.org/jsonwebtoken set size:66386 disposed:false
157 http fetch GET 200 https://registry.npmjs.org/qs 90ms (cache hit)
158 silly packumentCache corgi:https://registry.npmjs.org/qs set size:108486 disposed:false
159 http fetch GET 200 https://registry.npmjs.org/tar 96ms (cache hit)
160 silly packumentCache corgi:https://registry.npmjs.org/tar set size:156578 disposed:false
161 http fetch GET 200 https://registry.npmjs.org/tunnel-agent 96ms (cache hit)
162 silly packumentCache corgi:https://registry.npmjs.org/tunnel-agent set size:4217 disposed:false
163 http fetch GET 200 https://registry.npmjs.org/tough-cookie 96ms (cache hit)
164 silly packumentCache corgi:https://registry.npmjs.org/tough-cookie set size:47994 disposed:false
165 http fetch GET 200 https://registry.npmjs.org/request 99ms (cache hit)
166 silly packumentCache corgi:https://registry.npmjs.org/request set size:129997 disposed:false
167 http fetch GET 200 https://registry.npmjs.org/lodash 106ms (cache hit)
168 silly packumentCache corgi:https://registry.npmjs.org/lodash set size:67972 disposed:false
169 http fetch GET 200 https://registry.npmjs.org/is-my-json-valid 102ms (cache hit)
170 silly packumentCache corgi:https://registry.npmjs.org/is-my-json-valid set size:57810 disposed:false
171 http fetch GET 200 https://registry.npmjs.org/hawk 103ms (cache hit)
172 silly packumentCache corgi:https://registry.npmjs.org/hawk set size:76484 disposed:false
173 http fetch GET 200 https://registry.npmjs.org/fstream 102ms (cache hit)
174 silly packumentCache corgi:https://registry.npmjs.org/fstream set size:31968 disposed:false
175 http fetch GET 200 https://registry.npmjs.org/hoek 104ms (cache hit)
176 silly packumentCache corgi:https://registry.npmjs.org/hoek set size:108254 disposed:false
177 http fetch GET 200 https://registry.npmjs.org/sshpk 109ms (cache hit)
178 silly packumentCache corgi:https://registry.npmjs.org/sshpk set size:52578 disposed:false
179 http fetch GET 200 https://registry.npmjs.org/stringstream 106ms (cache hit)
180 silly packumentCache corgi:https://registry.npmjs.org/stringstream set size:5875 disposed:false
181 http fetch GET 200 https://registry.npmjs.org/jsonpointer 113ms (cache hit)
182 silly packumentCache corgi:https://registry.npmjs.org/jsonpointer set size:8952 disposed:false
183 silly packumentCache corgi:https://registry.npmjs.org/tar-pack cache-miss
184 http fetch GET 200 https://registry.npmjs.org/tar-pack 3ms (cache hit)
185 silly packumentCache corgi:https://registry.npmjs.org/tar-pack set size:9421 disposed:false
186 silly packumentCache corgi:https://registry.npmjs.org/glob cache-miss
187 silly packumentCache corgi:https://registry.npmjs.org/fstream-ignore cache-miss
188 http fetch GET 200 https://registry.npmjs.org/fstream-ignore 5ms (cache hit)
189 silly packumentCache corgi:https://registry.npmjs.org/fstream-ignore set size:10884 disposed:false
190 http fetch GET 200 https://registry.npmjs.org/glob 7ms (cache hit)
191 silly packumentCache corgi:https://registry.npmjs.org/glob set size:153926 disposed:false
192 silly packumentCache corgi:https://registry.npmjs.org/node-jwk cache-miss
193 http fetch GET 200 https://registry.npmjs.org/node-jwk 3ms (cache hit)
194 silly packumentCache corgi:https://registry.npmjs.org/node-jwk set size:843 disposed:false
195 silly packumentCache corgi:https://registry.npmjs.org/rc cache-miss
196 http fetch GET 200 https://registry.npmjs.org/rc 3ms (cache hit)
197 silly packumentCache corgi:https://registry.npmjs.org/rc set size:29081 disposed:false
198 silly packumentCache corgi:https://registry.npmjs.org/jsprim cache-miss
199 http fetch GET 200 https://registry.npmjs.org/jsprim 5ms (cache hit)
200 silly packumentCache corgi:https://registry.npmjs.org/jsprim set size:18472 disposed:false
201 silly packumentCache corgi:https://registry.npmjs.org/node-red-contrib-jwt cache-miss
202 http fetch GET 200 https://registry.npmjs.org/node-red-contrib-jwt 3ms (cache hit)
203 silly packumentCache corgi:https://registry.npmjs.org/node-red-contrib-jwt set size:9088 disposed:false
204 silly packumentCache corgi:https://registry.npmjs.org/stampit cache-miss
205 http fetch GET 200 https://registry.npmjs.org/stampit 3ms (cache hit)
206 silly packumentCache corgi:https://registry.npmjs.org/stampit set size:69814 disposed:false
207 silly packumentCache corgi:https://registry.npmjs.org/node-pre-gyp cache-miss
208 http fetch GET 200 https://registry.npmjs.org/node-pre-gyp 3ms (cache hit)
209 silly packumentCache corgi:https://registry.npmjs.org/node-pre-gyp set size:119009 disposed:false
210 silly packumentCache corgi:https://registry.npmjs.org/mkdirp cache-miss
211 http fetch GET 200 https://registry.npmjs.org/mkdirp 5ms (cache hit)
212 silly packumentCache corgi:https://registry.npmjs.org/mkdirp set size:49417 disposed:false
213 silly packumentCache corgi:https://registry.npmjs.org/@tensorflow%2ftfjs-node cache-miss
214 http fetch GET 200 https://registry.npmjs.org/@tensorflow%2ftfjs-node 8ms (cache hit)
215 silly packumentCache corgi:https://registry.npmjs.org/@tensorflow%2ftfjs-node set size:258505 disposed:false
216 silly packumentCache corgi:https://registry.npmjs.org/node-red-contrib-webcam cache-miss
217 http fetch GET 200 https://registry.npmjs.org/node-red-contrib-webcam 5ms (cache hit)
218 silly packumentCache corgi:https://registry.npmjs.org/node-red-contrib-webcam set size:667 disposed:false
219 silly packumentCache corgi:https://registry.npmjs.org/http-signature cache-miss
220 http fetch GET 200 https://registry.npmjs.org/http-signature 4ms (cache hit)
221 silly packumentCache corgi:https://registry.npmjs.org/http-signature set size:25024 disposed:false
222 silly packumentCache corgi:https://registry.npmjs.org/har-validator cache-miss
223 http fetch GET 200 https://registry.npmjs.org/har-validator 4ms (cache hit)
224 silly packumentCache corgi:https://registry.npmjs.org/har-validator set size:49284 disposed:false
225 silly packumentCache corgi:https://registry.npmjs.org/boom cache-miss
226 silly packumentCache corgi:https://registry.npmjs.org/sntp cache-miss
227 http fetch GET 200 https://registry.npmjs.org/sntp 6ms (cache hit)
228 silly packumentCache corgi:https://registry.npmjs.org/sntp set size:23314 disposed:false
229 http fetch GET 200 https://registry.npmjs.org/boom 7ms (cache hit)
230 silly packumentCache corgi:https://registry.npmjs.org/boom set size:64049 disposed:false
231 silly packumentCache corgi:https://registry.npmjs.org/node-modbus cache-miss
232 silly packumentCache corgi:https://registry.npmjs.org/stampit-event-bus cache-miss
233 silly packumentCache corgi:https://registry.npmjs.org/stampit-log cache-miss
234 silly packumentCache corgi:https://registry.npmjs.org/stampit-state-machine cache-miss
235 http fetch GET 200 https://registry.npmjs.org/stampit-log 9ms (cache hit)
236 silly packumentCache corgi:https://registry.npmjs.org/stampit-log set size:1646 disposed:false
237 http fetch GET 200 https://registry.npmjs.org/node-modbus 11ms (cache hit)
238 silly packumentCache corgi:https://registry.npmjs.org/node-modbus set size:42223 disposed:false
239 http fetch GET 200 https://registry.npmjs.org/stampit-event-bus 12ms (cache hit)
240 silly packumentCache corgi:https://registry.npmjs.org/stampit-event-bus set size:1252 disposed:false
241 http fetch GET 200 https://registry.npmjs.org/stampit-state-machine 10ms (cache hit)
242 silly packumentCache corgi:https://registry.npmjs.org/stampit-state-machine set size:1950 disposed:false
243 silly packumentCache corgi:https://registry.npmjs.org/serialport cache-miss
244 http fetch GET 200 https://registry.npmjs.org/serialport 4ms (cache hit)
245 silly packumentCache corgi:https://registry.npmjs.org/serialport set size:215397 disposed:false
246 silly packumentCache corgi:https://registry.npmjs.org/node-red-contrib-teachable-machine cache-miss
247 http fetch GET 200 https://registry.npmjs.org/node-red-contrib-teachable-machine 4ms (cache hit)
248 silly packumentCache corgi:https://registry.npmjs.org/node-red-contrib-teachable-machine set size:25560 disposed:false
249 silly packumentCache corgi:https://registry.npmjs.org/cryptiles cache-miss
250 http fetch GET 200 https://registry.npmjs.org/cryptiles 4ms (cache hit)
251 silly packumentCache corgi:https://registry.npmjs.org/cryptiles set size:33327 disposed:false
252 info run serialport@4.0.7 install { code: 1, signal: null }
253 verbose stack Error: command failed
253 verbose stack     at promiseSpawn (/usr/local/lib/node_modules/npm/node_modules/@npmcli/promise-spawn/lib/index.js:22:22)
253 verbose stack     at spawnWithShell (/usr/local/lib/node_modules/npm/node_modules/@npmcli/promise-spawn/lib/index.js:124:10)
253 verbose stack     at promiseSpawn (/usr/local/lib/node_modules/npm/node_modules/@npmcli/promise-spawn/lib/index.js:12:12)
253 verbose stack     at runScriptPkg (/usr/local/lib/node_modules/npm/node_modules/@npmcli/run-script/lib/run-script-pkg.js:77:13)
253 verbose stack     at runScript (/usr/local/lib/node_modules/npm/node_modules/@npmcli/run-script/lib/run-script.js:9:12)
253 verbose stack     at /usr/local/lib/node_modules/npm/node_modules/@npmcli/arborist/lib/arborist/rebuild.js:329:17
253 verbose stack     at run (/usr/local/lib/node_modules/npm/node_modules/promise-call-limit/dist/commonjs/index.js:67:22)
253 verbose stack     at /usr/local/lib/node_modules/npm/node_modules/promise-call-limit/dist/commonjs/index.js:84:9
253 verbose stack     at new Promise (<anonymous>)
253 verbose stack     at callLimit (/usr/local/lib/node_modules/npm/node_modules/promise-call-limit/dist/commonjs/index.js:35:69)
254 verbose pkgid serialport@4.0.7
255 error code 1
256 error path /data/node_modules/node-modbus/node_modules/serialport
257 error command failed
258 error command sh -c node-pre-gyp install --fallback-to-build
259 error make: Entering directory '/data/node_modules/node-modbus/node_modules/serialport/build'
259 error   CXX(target) Release/obj.target/serialport/src/serialport.o
259 error make: Entering directory '/data/node_modules/node-modbus/node_modules/serialport/build'
259 error   CXX(target) Release/obj.target/serialport/src/serialport.o
259 error make: Leaving directory '/data/node_modules/node-modbus/node_modules/serialport/build'
259 error Failed to execute '/usr/local/bin/node /usr/local/lib/node_modules/npm/node_modules/node-gyp/bin/node-gyp.js build --fallback-to-build --module=/data/node_modules/node-modbus/node_modules/serialport/build/Release/serialport.node --module_name=serialport --module_path=/data/node_modules/node-modbus/node_modules/serialport/build/Release' (1)
259 error make: Leaving directory '/data/node_modules/node-modbus/node_modules/serialport/build'
260 error node-pre-gyp info it worked if it ends with ok
260 error node-pre-gyp info using node-pre-gyp@0.6.32
260 error node-pre-gyp info using node@20.18.1 | linux | x64
260 error node-pre-gyp info check checked for "/data/node_modules/node-modbus/node_modules/serialport/build/Release/serialport.node" (not found)
260 error node-pre-gyp http GET https://github.com/EmergingTechnologyAdvisors/node-serialport/releases/download/4.0.7/serialport-v4.0.7-node-v115-linux-x64.tar.gz
260 error node-pre-gyp http 404 https://github.com/EmergingTechnologyAdvisors/node-serialport/releases/download/4.0.7/serialport-v4.0.7-node-v115-linux-x64.tar.gz
260 error node-pre-gyp ERR! Tried to download(404): https://github.com/EmergingTechnologyAdvisors/node-serialport/releases/download/4.0.7/serialport-v4.0.7-node-v115-linux-x64.tar.gz 
260 error node-pre-gyp ERR! Pre-built binaries not found for serialport@4.0.7 and node@20.18.1 (node-v115 ABI) (falling back to source compile with node-gyp) 
260 error node-pre-gyp http 404 status code downloading tarball https://github.com/EmergingTechnologyAdvisors/node-serialport/releases/download/4.0.7/serialport-v4.0.7-node-v115-linux-x64.tar.gz 
260 error node-pre-gyp ERR! Tried to download(undefined): https://github.com/EmergingTechnologyAdvisors/node-serialport/releases/download/4.0.7/serialport-v4.0.7-node-v115-linux-x64.tar.gz 
260 error node-pre-gyp ERR! Pre-built binaries not found for serialport@4.0.7 and node@20.18.1 (node-v115 ABI) (falling back to source compile with node-gyp) 
260 error node-pre-gyp http Connection closed while downloading tarball file 
260 error gyp info it worked if it ends with ok
260 error gyp info using node-gyp@10.1.0
260 error gyp info using node@20.18.1 | linux | x64
260 error gyp info it worked if it ends with ok
260 error gyp info using node-gyp@10.1.0
260 error gyp info using node@20.18.1 | linux | x64
260 error gyp info ok 
260 error gyp info ok 
260 error gyp info it worked if it ends with ok
260 error gyp info using node-gyp@10.1.0
260 error gyp info using node@20.18.1 | linux | x64
260 error gyp info it worked if it ends with ok
260 error gyp info using node-gyp@10.1.0
260 error gyp info using node@20.18.1 | linux | x64
260 error gyp info find Python using Python version 3.12.8 found at "/usr/bin/python3"
260 error gyp info find Python using Python version 3.12.8 found at "/usr/bin/python3"
260 error gyp info spawn /usr/bin/python3
260 error gyp info spawn /usr/bin/python3
260 error gyp info spawn args [
260 error gyp info spawn args '/usr/local/lib/node_modules/npm/node_modules/node-gyp/gyp/gyp_main.py',
260 error gyp info spawn args 'binding.gyp',
260 error gyp info spawn args '-f',
260 error gyp info spawn args 'make',
260 error gyp info spawn args '-I',
260 error gyp info spawn args '/data/node_modules/node-modbus/node_modules/serialport/build/config.gypi',
260 error gyp info spawn args '-I',
260 error gyp info spawn args '/usr/local/lib/node_modules/npm/node_modules/node-gyp/addon.gypi',
260 error gyp info spawn args '-I',
260 error gyp info spawn args '/usr/src/node-red/.cache/node-gyp/20.18.1/include/node/common.gypi',
260 error gyp info spawn args '-Dlibrary=shared_library',
260 error gyp info spawn args '-Dvisibility=default',
260 error gyp info spawn args '-Dnode_root_dir=/usr/src/node-red/.cache/node-gyp/20.18.1',
260 error gyp info spawn args '-Dnode_gyp_dir=/usr/local/lib/node_modules/npm/node_modules/node-gyp',
260 error gyp info spawn args '-Dnode_lib_file=/usr/src/node-red/.cache/node-gyp/20.18.1/<(target_arch)/node.lib',
260 error gyp info spawn args '-Dmodule_root_dir=/data/node_modules/node-modbus/node_modules/serialport',
260 error gyp info spawn args '-Dnode_engine=v8',
260 error gyp info spawn args '--depth=.',
260 error gyp info spawn args '--no-parallel',
260 error gyp info spawn args '--generator-output',
260 error gyp info spawn args 'build',
260 error gyp info spawn args '-Goutput_dir=.'
260 error gyp info spawn args ]
260 error gyp info spawn args [
260 error gyp info spawn args '/usr/local/lib/node_modules/npm/node_modules/node-gyp/gyp/gyp_main.py',
260 error gyp info spawn args 'binding.gyp',
260 error gyp info spawn args '-f',
260 error gyp info spawn args 'make',
260 error gyp info spawn args '-I',
260 error gyp info spawn args '/data/node_modules/node-modbus/node_modules/serialport/build/config.gypi',
260 error gyp info spawn args '-I',
260 error gyp info spawn args '/usr/local/lib/node_modules/npm/node_modules/node-gyp/addon.gypi',
260 error gyp info spawn args '-I',
260 error gyp info spawn args '/usr/src/node-red/.cache/node-gyp/20.18.1/include/node/common.gypi',
260 error gyp info spawn args '-Dlibrary=shared_library',
260 error gyp info spawn args '-Dvisibility=default',
260 error gyp info spawn args '-Dnode_root_dir=/usr/src/node-red/.cache/node-gyp/20.18.1',
260 error gyp info spawn args '-Dnode_gyp_dir=/usr/local/lib/node_modules/npm/node_modules/node-gyp',
260 error gyp info spawn args '-Dnode_lib_file=/usr/src/node-red/.cache/node-gyp/20.18.1/<(target_arch)/node.lib',
260 error gyp info spawn args '-Dmodule_root_dir=/data/node_modules/node-modbus/node_modules/serialport',
260 error gyp info spawn args '-Dnode_engine=v8',
260 error gyp info spawn args '--depth=.',
260 error gyp info spawn args '--no-parallel',
260 error gyp info spawn args '--generator-output',
260 error gyp info spawn args 'build',
260 error gyp info spawn args '-Goutput_dir=.'
260 error gyp info spawn args ]
260 error gyp info ok 
260 error gyp info ok 
260 error gyp info it worked if it ends with ok
260 error gyp info using node-gyp@10.1.0
260 error gyp info using node@20.18.1 | linux | x64
260 error gyp info it worked if it ends with ok
260 error gyp info using node-gyp@10.1.0
260 error gyp info using node@20.18.1 | linux | x64
260 error gyp info spawn make
260 error gyp info spawn make
260 error gyp info spawn args [ 'BUILDTYPE=Release', '-C', 'build' ]
260 error gyp info spawn args [ 'BUILDTYPE=Release', '-C', 'build' ]
260 error ../src/serialport.cpp: In function 'int getIntFromObject(v8::Local<v8::Object>, std::string)':
260 error ../src/serialport.cpp:90:51: error: no matching function for call to 'v8::Value::ToInt32()'
260 error    90 |   return getValueFromObject(options, key)->ToInt32()->Int32Value();
260 error       |          ~~~~~~~~~~~~~~~~~~~~~~~~~~~~~~~~~~~~~~~~~^~
260 error In file included from /usr/src/node-red/.cache/node-gyp/20.18.1/include/node/v8-primitive.h:11,
260 error                  from /usr/src/node-red/.cache/node-gyp/20.18.1/include/node/v8-object.h:11,
260 error                  from /usr/src/node-red/.cache/node-gyp/20.18.1/include/node/v8-array-buffer.h:13,
260 error                  from /usr/src/node-red/.cache/node-gyp/20.18.1/include/node/v8.h:24,
260 error                  from /usr/src/node-red/.cache/node-gyp/20.18.1/include/node/node.h:73,
260 error                  from ../../../../nan/nan.h:62,
260 error                  from ../src/./serialport.h:7,
260 error                  from ../src/serialport.cpp:1:
260 error /usr/src/node-red/.cache/node-gyp/20.18.1/include/node/v8-value.h:403:43: note: candidate: 'v8::MaybeLocal<v8::Int32> v8::Value::ToInt32(v8::Local<v8::Context>) const'
260 error   403 |   V8_WARN_UNUSED_RESULT MaybeLocal<Int32> ToInt32(Local<Context> context) const;
260 error       |                                           ^~~~~~~
260 error /usr/src/node-red/.cache/node-gyp/20.18.1/include/node/v8-value.h:403:43: note:   candidate expects 1 argument, 0 provided
260 error ../src/serialport.cpp: In function 'bool getBoolFromObject(v8::Local<v8::Object>, std::string)':
260 error ../src/serialport.cpp:94:53: error: no matching function for call to 'v8::Value::ToBoolean()'
260 error    94 |   return getValueFromObject(options, key)->ToBoolean()->BooleanValue();
260 error       |          ~~~~~~~~~~~~~~~~~~~~~~~~~~~~~~~~~~~~~~~~~~~^~
260 error /usr/src/node-red/.cache/node-gyp/20.18.1/include/node/v8-value.h:408:18: note: candidate: 'v8::Local<v8::Boolean> v8::Value::ToBoolean(v8::Isolate*) const'
260 error   408 |   Local<Boolean> ToBoolean(Isolate* isolate) const;
260 error       |                  ^~~~~~~~~
260 error /usr/src/node-red/.cache/node-gyp/20.18.1/include/node/v8-value.h:408:18: note:   candidate expects 1 argument, 0 provided
260 error ../src/serialport.cpp: In function 'v8::Local<v8::String> getStringFromObj(v8::Local<v8::Object>, std::string)':
260 error ../src/serialport.cpp:98:52: error: no matching function for call to 'v8::Value::ToString()'
260 error    98 |   return getValueFromObject(options, key)->ToString();
260 error       |          ~~~~~~~~~~~~~~~~~~~~~~~~~~~~~~~~~~~~~~~~~~^~
260 error /usr/src/node-red/.cache/node-gyp/20.18.1/include/node/v8-value.h:370:44: note: candidate: 'v8::MaybeLocal<v8::String> v8::Value::ToString(v8::Local<v8::Context>) const'
260 error   370 |   V8_WARN_UNUSED_RESULT MaybeLocal<String> ToString(
260 error       |                                            ^~~~~~~~
260 error /usr/src/node-red/.cache/node-gyp/20.18.1/include/node/v8-value.h:370:44: note:   candidate expects 1 argument, 0 provided
260 error ../src/serialport.cpp: In function 'double getDoubleFromObject(v8::Local<v8::Object>, std::string)':
260 error ../src/serialport.cpp:102:52: error: no matching function for call to 'v8::Value::ToNumber()'
260 error   102 |   return getValueFromObject(options, key)->ToNumber()->NumberValue();
260 error       |          ~~~~~~~~~~~~~~~~~~~~~~~~~~~~~~~~~~~~~~~~~~^~
260 error /usr/src/node-red/.cache/node-gyp/20.18.1/include/node/v8-value.h:365:44: note: candidate: 'v8::MaybeLocal<v8::Number> v8::Value::ToNumber(v8::Local<v8::Context>) const'
260 error   365 |   V8_WARN_UNUSED_RESULT MaybeLocal<Number> ToNumber(
260 error       |                                            ^~~~~~~~
260 error /usr/src/node-red/.cache/node-gyp/20.18.1/include/node/v8-value.h:365:44: note:   candidate expects 1 argument, 0 provided
260 error ../src/serialport.cpp: In function 'Nan::NAN_METHOD_RETURN_TYPE Open(Nan::NAN_METHOD_ARGS_TYPE)':
260 error ../src/serialport.cpp:111:47: error: no matching function for call to 'v8::Value::ToString()'
260 error   111 |   v8::String::Utf8Value path(info[0]->ToString());
260 error       |                              ~~~~~~~~~~~~~~~~~^~
260 error /usr/src/node-red/.cache/node-gyp/20.18.1/include/node/v8-value.h:370:44: note: candidate: 'v8::MaybeLocal<v8::String> v8::Value::ToString(v8::Local<v8::Context>) const'
260 error   370 |   V8_WARN_UNUSED_RESULT MaybeLocal<String> ToString(
260 error       |                                            ^~~~~~~~
260 error /usr/src/node-red/.cache/node-gyp/20.18.1/include/node/v8-value.h:370:44: note:   candidate expects 1 argument, 0 provided
260 error ../src/serialport.cpp:118:52: error: no matching function for call to 'v8::Value::ToObject()'
260 error   118 |   v8::Local<v8::Object> options = info[1]->ToObject();
260 error       |                                   ~~~~~~~~~~~~~~~~~^~
260 error /usr/src/node-red/.cache/node-gyp/20.18.1/include/node/v8-value.h:382:44: note: candidate: 'v8::MaybeLocal<v8::Object> v8::Value::ToObject(v8::Local<v8::Context>) const'
260 error   382 |   V8_WARN_UNUSED_RESULT MaybeLocal<Object> ToObject(
260 error       |                                            ^~~~~~~~
260 error /usr/src/node-red/.cache/node-gyp/20.18.1/include/node/v8-value.h:382:44: note:   candidate expects 1 argument, 0 provided
260 error ../src/serialport.cpp:127:9: warning: 'void* memset(void*, int, size_t)' clearing an object of type 'struct OpenBaton' with no trivial copy-assignment; use value-initialization instead [-Wclass-memaccess]
260 error   127 |   memset(baton, 0, sizeof(OpenBaton));
260 error       |   ~~~~~~^~~~~~~~~~~~~~~~~~~~~~~~~~~~~
260 error ../src/./serialport.h:66:8: note: 'struct OpenBaton' declared here
260 error    66 | struct OpenBaton {
260 error       |        ^~~~~~~~~
260 error ../src/serialport.cpp:141:99: error: no matching function for call to 'v8::Value::ToObject()'
260 error   141 |   v8::Local<v8::Object> platformOptions = getValueFromObject(options, "platformOptions")->ToObject();
260 error       |                                           ~~~~~~~~~~~~~~~~~~~~~~~~~~~~~~~~~~~~~~~~~~~~~~~~~~~~~~~~^~
260 error /usr/src/node-red/.cache/node-gyp/20.18.1/include/node/v8-value.h:382:44: note: candidate: 'v8::MaybeLocal<v8::Object> v8::Value::ToObject(v8::Local<v8::Context>) const'
260 error   382 |   V8_WARN_UNUSED_RESULT MaybeLocal<Object> ToObject(
260 error       |                                            ^~~~~~~~
260 error /usr/src/node-red/.cache/node-gyp/20.18.1/include/node/v8-value.h:382:44: note:   candidate expects 1 argument, 0 provided
260 error ../src/serialport.cpp:152:51: warning: cast between incompatible function types from 'void (*)(uv_work_t*)' {aka 'void (*)(uv_work_s*)'} to 'uv_after_work_cb' {aka 'void (*)(uv_work_s*, int)'} [-Wcast-function-type]
260 error   152 |   uv_queue_work(uv_default_loop(), req, EIO_Open, (uv_after_work_cb)EIO_AfterOpen);
260 error       |                                                   ^~~~~~~~~~~~~~~~~~~~~~~~~~~~~~~
260 error ../src/serialport.cpp: In function 'void EIO_AfterOpen(uv_work_t*)':
260 error ../src/serialport.cpp:174:30: error: no matching function for call to 'v8::Value::ToInt32()'
260 error   174 |     int fd = argv[1]->ToInt32()->Int32Value();
260 error       |              ~~~~~~~~~~~~~~~~^~
260 error /usr/src/node-red/.cache/node-gyp/20.18.1/include/node/v8-value.h:403:43: note: candidate: 'v8::MaybeLocal<v8::Int32> v8::Value::ToInt32(v8::Local<v8::Context>) const'
260 error   403 |   V8_WARN_UNUSED_RESULT MaybeLocal<Int32> ToInt32(Local<Context> context) const;
260 error       |                                           ^~~~~~~
260 error /usr/src/node-red/.cache/node-gyp/20.18.1/include/node/v8-value.h:403:43: note:   candidate expects 1 argument, 0 provided
260 error ../src/serialport.cpp:180:22: warning: 'v8::Local<v8::Value> Nan::Callback::Call(int, v8::Local<v8::Value>*) const' is deprecated [-Wdeprecated-declarations]
260 error   180 |   data->callback.Call(2, argv);
260 error       |   ~~~~~~~~~~~~~~~~~~~^~~~~~~~~
260 error ../../../../nan/nan.h:1818:3: note: declared here
260 error  1818 |   Call(int argc, v8::Local<v8::Value> argv[]) const {
260 error       |   ^~~~
260 error ../src/serialport.cpp: In function 'Nan::NAN_METHOD_RETURN_TYPE Update(Nan::NAN_METHOD_ARGS_TYPE)':
260 error ../src/serialport.cpp:193:28: error: no matching function for call to 'v8::Value::ToInt32()'
260 error   193 |   int fd = info[0]->ToInt32()->Int32Value();
260 error       |            ~~~~~~~~~~~~~~~~^~
260 error /usr/src/node-red/.cache/node-gyp/20.18.1/include/node/v8-value.h:403:43: note: candidate: 'v8::MaybeLocal<v8::Int32> v8::Value::ToInt32(v8::Local<v8::Context>) const'
260 error   403 |   V8_WARN_UNUSED_RESULT MaybeLocal<Int32> ToInt32(Local<Context> context) const;
260 error       |                                           ^~~~~~~
260 error /usr/src/node-red/.cache/node-gyp/20.18.1/include/node/v8-value.h:403:43: note:   candidate expects 1 argument, 0 provided
260 error ../src/serialport.cpp:200:52: error: no matching function for call to 'v8::Value::ToObject()'
260 error   200 |   v8::Local<v8::Object> options = info[1]->ToObject();
260 error       |                                   ~~~~~~~~~~~~~~~~~^~
260 error /usr/src/node-red/.cache/node-gyp/20.18.1/include/node/v8-value.h:382:44: note: candidate: 'v8::MaybeLocal<v8::Object> v8::Value::ToObject(v8::Local<v8::Context>) const'
260 error   382 |   V8_WARN_UNUSED_RESULT MaybeLocal<Object> ToObject(
260 error       |                                            ^~~~~~~~
260 error /usr/src/node-red/.cache/node-gyp/20.18.1/include/node/v8-value.h:382:44: note:   candidate expects 1 argument, 0 provided
260 error ../src/serialport.cpp:214:9: warning: 'void* memset(void*, int, size_t)' clearing an object of type 'struct ConnectionOptionsBaton' with no trivial copy-assignment; use value-initialization instead [-Wclass-memaccess]
260 error   214 |   memset(baton, 0, sizeof(ConnectionOptionsBaton));
260 error       |   ~~~~~~^~~~~~~~~~~~~~~~~~~~~~~~~~~~~~~~~~~~~~~~~~
260 error ../src/./serialport.h:90:8: note: 'struct ConnectionOptionsBaton' declared here
260 error    90 | struct ConnectionOptionsBaton {
260 error       |        ^~~~~~~~~~~~~~~~~~~~~~
260 error ../src/serialport.cpp:217:115: error: no matching function for call to 'v8::Value::ToInt32()'
260 error   217 |   baton->baudRate = Nan::Get(options, Nan::New<v8::String>("baudRate").ToLocalChecked()).ToLocalChecked()->ToInt32()->Int32Value();
260 error       |                     ~~~~~~~~~~~~~~~~~~~~~~~~~~~~~~~~~~~~~~~~~~~~~~~~~~~~~~~~~~~~~~~~~~~~~~~~~~~~~~~~~~~~~~~~~~~~~~^~
260 error /usr/src/node-red/.cache/node-gyp/20.18.1/include/node/v8-value.h:403:43: note: candidate: 'v8::MaybeLocal<v8::Int32> v8::Value::ToInt32(v8::Local<v8::Context>) const'
260 error   403 |   V8_WARN_UNUSED_RESULT MaybeLocal<Int32> ToInt32(Local<Context> context) const;
260 error       |                                           ^~~~~~~
260 error /usr/src/node-red/.cache/node-gyp/20.18.1/include/node/v8-value.h:403:43: note:   candidate expects 1 argument, 0 provided
260 error ../src/serialport.cpp:223:53: warning: cast between incompatible function types from 'void (*)(uv_work_t*)' {aka 'void (*)(uv_work_s*)'} to 'uv_after_work_cb' {aka 'void (*)(uv_work_s*, int)'} [-Wcast-function-type]
260 error   223 |   uv_queue_work(uv_default_loop(), req, EIO_Update, (uv_after_work_cb)EIO_AfterUpdate);
260 error       |                                                     ^~~~~~~~~~~~~~~~~~~~~~~~~~~~~~~~~
260 error ../src/serialport.cpp: In function 'void EIO_AfterUpdate(uv_work_t*)':
260 error ../src/serialport.cpp:240:22: warning: 'v8::Local<v8::Value> Nan::Callback::Call(int, v8::Local<v8::Value>*) const' is deprecated [-Wdeprecated-declarations]
260 error   240 |   data->callback.Call(1, argv);
260 error       |   ~~~~~~~~~~~~~~~~~~~^~~~~~~~~
260 error ../../../../nan/nan.h:1818:3: note: declared here
260 error  1818 |   Call(int argc, v8::Local<v8::Value> argv[]) const {
260 error       |   ^~~~
260 error ../src/serialport.cpp: In function 'Nan::NAN_METHOD_RETURN_TYPE Write(Nan::NAN_METHOD_ARGS_TYPE)':
260 error ../src/serialport.cpp:252:28: error: no matching function for call to 'v8::Value::ToInt32()'
260 error   252 |   int fd = info[0]->ToInt32()->Int32Value();
260 error       |            ~~~~~~~~~~~~~~~~^~
260 error /usr/src/node-red/.cache/node-gyp/20.18.1/include/node/v8-value.h:403:43: note: candidate: 'v8::MaybeLocal<v8::Int32> v8::Value::ToInt32(v8::Local<v8::Context>) const'
260 error   403 |   V8_WARN_UNUSED_RESULT MaybeLocal<Int32> ToInt32(Local<Context> context) const;
260 error       |                                           ^~~~~~~
260 error /usr/src/node-red/.cache/node-gyp/20.18.1/include/node/v8-value.h:403:43: note:   candidate expects 1 argument, 0 provided
260 error ../src/serialport.cpp:259:51: error: no matching function for call to 'v8::Value::ToObject()'
260 error   259 |   v8::Local<v8::Object> buffer = info[1]->ToObject();
260 error       |                                  ~~~~~~~~~~~~~~~~~^~
260 error /usr/src/node-red/.cache/node-gyp/20.18.1/include/node/v8-value.h:382:44: note: candidate: 'v8::MaybeLocal<v8::Object> v8::Value::ToObject(v8::Local<v8::Context>) const'
260 error   382 |   V8_WARN_UNUSED_RESULT MaybeLocal<Object> ToObject(
260 error       |                                            ^~~~~~~~
260 error /usr/src/node-red/.cache/node-gyp/20.18.1/include/node/v8-value.h:382:44: note:   candidate expects 1 argument, 0 provided
260 error ../src/serialport.cpp:270:9: warning: 'void* memset(void*, int, size_t)' clearing an object of type 'struct WriteBaton' with no trivial copy-assignment; use value-initialization instead [-Wclass-memaccess]
260 error   270 |   memset(baton, 0, sizeof(WriteBaton));
260 error       |   ~~~~~~^~~~~~~~~~~~~~~~~~~~~~~~~~~~~~
260 error ../src/./serialport.h:97:8: note: 'struct WriteBaton' declared here
260 error    97 | struct WriteBaton {
260 error       |        ^~~~~~~~~~
260 error ../src/serialport.cpp:279:9: warning: 'void* memset(void*, int, size_t)' clearing an object of non-trivial type 'struct QueuedWrite'; use assignment or value-initialization instead [-Wclass-memaccess]
260 error   279 |   memset(queuedWrite, 0, sizeof(QueuedWrite));
260 error       |   ~~~~~~^~~~~~~~~~~~~~~~~~~~~~~~~~~~~~~~~~~~~
260 error ../src/./serialport.h:108:8: note: 'struct QueuedWrite' declared here
260 error   108 | struct QueuedWrite {
260 error       |        ^~~~~~~~~~~
260 error ../src/serialport.cpp:296:68: warning: cast between incompatible function types from 'void (*)(uv_work_t*)' {aka 'void (*)(uv_work_s*)'} to 'uv_after_work_cb' {aka 'void (*)(uv_work_s*, int)'} [-Wcast-function-type]
260 error   296 |     uv_queue_work(uv_default_loop(), &queuedWrite->req, EIO_Write, (uv_after_work_cb)EIO_AfterWrite);
260 error       |                                                                    ^~~~~~~~~~~~~~~~~~~~~~~~~~~~~~~~
260 error ../src/serialport.cpp: In function 'void EIO_AfterWrite(uv_work_t*)':
260 error ../src/serialport.cpp:321:54: warning: cast between incompatible function types from 'void (*)(uv_work_t*)' {aka 'void (*)(uv_work_s*)'} to 'uv_after_work_cb' {aka 'void (*)(uv_work_s*, int)'} [-Wcast-function-type]
260 error   321 |     uv_queue_work(uv_default_loop(), req, EIO_Write, (uv_after_work_cb)EIO_AfterWrite);
260 error       |                                                      ^~~~~~~~~~~~~~~~~~~~~~~~~~~~~~~~
260 error ../src/serialport.cpp:339:22: warning: 'v8::Local<v8::Value> Nan::Callback::Call(int, v8::Local<v8::Value>*) const' is deprecated [-Wdeprecated-declarations]
260 error   339 |   data->callback.Call(1, argv);
260 error       |   ~~~~~~~~~~~~~~~~~~~^~~~~~~~~
260 error ../../../../nan/nan.h:1818:3: note: declared here
260 error  1818 |   Call(int argc, v8::Local<v8::Value> argv[]) const {
260 error       |   ^~~~
260 error ../src/serialport.cpp:345:72: warning: cast between incompatible function types from 'void (*)(uv_work_t*)' {aka 'void (*)(uv_work_s*)'} to 'uv_after_work_cb' {aka 'void (*)(uv_work_s*, int)'} [-Wcast-function-type]
260 error   345 |     uv_queue_work(uv_default_loop(), &nextQueuedWrite->req, EIO_Write, (uv_after_work_cb)EIO_AfterWrite);
260 error       |                                                                        ^~~~~~~~~~~~~~~~~~~~~~~~~~~~~~~~
260 error ../src/serialport.cpp: In function 'Nan::NAN_METHOD_RETURN_TYPE Close(Nan::NAN_METHOD_ARGS_TYPE)':
260 error ../src/serialport.cpp:368:9: warning: 'void* memset(void*, int, size_t)' clearing an object of type 'struct CloseBaton' with no trivial copy-assignment; use value-initialization instead [-Wclass-memaccess]
260 error   368 |   memset(baton, 0, sizeof(CloseBaton));
260 error       |   ~~~~~~^~~~~~~~~~~~~~~~~~~~~~~~~~~~~~
260 error ../src/./serialport.h:145:8: note: 'struct CloseBaton' declared here
260 error   145 | struct CloseBaton {
260 error       |        ^~~~~~~~~~
260 error ../src/serialport.cpp:369:31: error: no matching function for call to 'v8::Value::ToInt32()'
260 error   369 |   baton->fd = info[0]->ToInt32()->Int32Value();
260 error       |               ~~~~~~~~~~~~~~~~^~
260 error /usr/src/node-red/.cache/node-gyp/20.18.1/include/node/v8-value.h:403:43: note: candidate: 'v8::MaybeLocal<v8::Int32> v8::Value::ToInt32(v8::Local<v8::Context>) const'
260 error   403 |   V8_WARN_UNUSED_RESULT MaybeLocal<Int32> ToInt32(Local<Context> context) const;
260 error       |                                           ^~~~~~~
260 error /usr/src/node-red/.cache/node-gyp/20.18.1/include/node/v8-value.h:403:43: note:   candidate expects 1 argument, 0 provided
260 error ../src/serialport.cpp:374:52: warning: cast between incompatible function types from 'void (*)(uv_work_t*)' {aka 'void (*)(uv_work_s*)'} to 'uv_after_work_cb' {aka 'void (*)(uv_work_s*, int)'} [-Wcast-function-type]
260 error   374 |   uv_queue_work(uv_default_loop(), req, EIO_Close, (uv_after_work_cb)EIO_AfterClose);
260 error       |                                                    ^~~~~~~~~~~~~~~~~~~~~~~~~~~~~~~~
260 error ../src/serialport.cpp: In function 'void EIO_AfterClose(uv_work_t*)':
260 error ../src/serialport.cpp:403:22: warning: 'v8::Local<v8::Value> Nan::Callback::Call(int, v8::Local<v8::Value>*) const' is deprecated [-Wdeprecated-declarations]
260 error   403 |   data->callback.Call(1, argv);
260 error       |   ~~~~~~~~~~~~~~~~~~~^~~~~~~~~
260 error ../../../../nan/nan.h:1818:3: note: declared here
260 error  1818 |   Call(int argc, v8::Local<v8::Value> argv[]) const {
260 error       |   ^~~~
260 error ../src/serialport.cpp: In function 'Nan::NAN_METHOD_RETURN_TYPE List(Nan::NAN_METHOD_ARGS_TYPE)':
260 error ../src/serialport.cpp:422:51: warning: cast between incompatible function types from 'void (*)(uv_work_t*)' {aka 'void (*)(uv_work_s*)'} to 'uv_after_work_cb' {aka 'void (*)(uv_work_s*, int)'} [-Wcast-function-type]
260 error   422 |   uv_queue_work(uv_default_loop(), req, EIO_List, (uv_after_work_cb)EIO_AfterList);
260 error       |                                                   ^~~~~~~~~~~~~~~~~~~~~~~~~~~~~~~
260 error ../src/serialport.cpp: In function 'void EIO_AfterList(uv_work_t*)':
260 error ../src/serialport.cpp:465:22: warning: 'v8::Local<v8::Value> Nan::Callback::Call(int, v8::Local<v8::Value>*) const' is deprecated [-Wdeprecated-declarations]
260 error   465 |   data->callback.Call(2, argv);
260 error       |   ~~~~~~~~~~~~~~~~~~~^~~~~~~~~
260 error ../../../../nan/nan.h:1818:3: note: declared here
260 error  1818 |   Call(int argc, v8::Local<v8::Value> argv[]) const {
260 error       |   ^~~~
260 error ../src/serialport.cpp: In function 'Nan::NAN_METHOD_RETURN_TYPE Flush(Nan::NAN_METHOD_ARGS_TYPE)':
260 error ../src/serialport.cpp:480:28: error: no matching function for call to 'v8::Value::ToInt32()'
260 error   480 |   int fd = info[0]->ToInt32()->Int32Value();
260 error       |            ~~~~~~~~~~~~~~~~^~
260 error /usr/src/node-red/.cache/node-gyp/20.18.1/include/node/v8-value.h:403:43: note: candidate: 'v8::MaybeLocal<v8::Int32> v8::Value::ToInt32(v8::Local<v8::Context>) const'
260 error   403 |   V8_WARN_UNUSED_RESULT MaybeLocal<Int32> ToInt32(Local<Context> context) const;
260 error       |                                           ^~~~~~~
260 error /usr/src/node-red/.cache/node-gyp/20.18.1/include/node/v8-value.h:403:43: note:   candidate expects 1 argument, 0 provided
260 error ../src/serialport.cpp:490:9: warning: 'void* memset(void*, int, size_t)' clearing an object of type 'struct FlushBaton' with no trivial copy-assignment; use value-initialization instead [-Wclass-memaccess]
260 error   490 |   memset(baton, 0, sizeof(FlushBaton));
260 error       |   ~~~~~~^~~~~~~~~~~~~~~~~~~~~~~~~~~~~~
260 error ../src/./serialport.h:167:8: note: 'struct FlushBaton' declared here
260 error   167 | struct FlushBaton {
260 error       |        ^~~~~~~~~~
260 error ../src/serialport.cpp:496:52: warning: cast between incompatible function types from 'void (*)(uv_work_t*)' {aka 'void (*)(uv_work_s*)'} to 'uv_after_work_cb' {aka 'void (*)(uv_work_s*, int)'} [-Wcast-function-type]
260 error   496 |   uv_queue_work(uv_default_loop(), req, EIO_Flush, (uv_after_work_cb)EIO_AfterFlush);
260 error       |                                                    ^~~~~~~~~~~~~~~~~~~~~~~~~~~~~~~~
260 error ../src/serialport.cpp: In function 'void EIO_AfterFlush(uv_work_t*)':
260 error ../src/serialport.cpp:516:22: warning: 'v8::Local<v8::Value> Nan::Callback::Call(int, v8::Local<v8::Value>*) const' is deprecated [-Wdeprecated-declarations]
260 error   516 |   data->callback.Call(2, argv);
260 error       |   ~~~~~~~~~~~~~~~~~~~^~~~~~~~~
260 error ../../../../nan/nan.h:1818:3: note: declared here
260 error  1818 |   Call(int argc, v8::Local<v8::Value> argv[]) const {
260 error       |   ^~~~
260 error ../src/serialport.cpp: In function 'Nan::NAN_METHOD_RETURN_TYPE Set(Nan::NAN_METHOD_ARGS_TYPE)':
260 error ../src/serialport.cpp:528:28: error: no matching function for call to 'v8::Value::ToInt32()'
260 error   528 |   int fd = info[0]->ToInt32()->Int32Value();
260 error       |            ~~~~~~~~~~~~~~~~^~
260 error /usr/src/node-red/.cache/node-gyp/20.18.1/include/node/v8-value.h:403:43: note: candidate: 'v8::MaybeLocal<v8::Int32> v8::Value::ToInt32(v8::Local<v8::Context>) const'
260 error   403 |   V8_WARN_UNUSED_RESULT MaybeLocal<Int32> ToInt32(Local<Context> context) const;
260 error       |                                           ^~~~~~~
260 error /usr/src/node-red/.cache/node-gyp/20.18.1/include/node/v8-value.h:403:43: note:   candidate expects 1 argument, 0 provided
260 error ../src/serialport.cpp:535:52: error: no matching function for call to 'v8::Value::ToObject()'
260 error   535 |   v8::Local<v8::Object> options = info[1]->ToObject();
260 error       |                                   ~~~~~~~~~~~~~~~~~^~
260 error /usr/src/node-red/.cache/node-gyp/20.18.1/include/node/v8-value.h:382:44: note: candidate: 'v8::MaybeLocal<v8::Object> v8::Value::ToObject(v8::Local<v8::Context>) const'
260 error   382 |   V8_WARN_UNUSED_RESULT MaybeLocal<Object> ToObject(
260 error       |                                            ^~~~~~~~
260 error /usr/src/node-red/.cache/node-gyp/20.18.1/include/node/v8-value.h:382:44: note:   candidate expects 1 argument, 0 provided
260 error ../src/serialport.cpp:545:9: warning: 'void* memset(void*, int, size_t)' clearing an object of type 'struct SetBaton' with no trivial copy-assignment; use value-initialization instead [-Wclass-memaccess]
260 error   545 |   memset(baton, 0, sizeof(SetBaton));
260 error       |   ~~~~~~^~~~~~~~~~~~~~~~~~~~~~~~~~~~
260 error ../src/./serialport.h:174:8: note: 'struct SetBaton' declared here
260 error   174 | struct SetBaton {
260 error       |        ^~~~~~~~
260 error ../src/serialport.cpp:556:50: warning: cast between incompatible function types from 'void (*)(uv_work_t*)' {aka 'void (*)(uv_work_s*)'} to 'uv_after_work_cb' {aka 'void (*)(uv_work_s*, int)'} [-Wcast-function-type]
260 error   556 |   uv_queue_work(uv_default_loop(), req, EIO_Set, (uv_after_work_cb)EIO_AfterSet);
260 error       |                                                  ^~~~~~~~~~~~~~~~~~~~~~~~~~~~~~
260 error ../src/serialport.cpp: In function 'void EIO_AfterSet(uv_work_t*)':
260 error ../src/serialport.cpp:573:22: warning: 'v8::Local<v8::Value> Nan::Callback::Call(int, v8::Local<v8::Value>*) const' is deprecated [-Wdeprecated-declarations]
260 error   573 |   data->callback.Call(1, argv);
260 error       |   ~~~~~~~~~~~~~~~~~~~^~~~~~~~~
260 error ../../../../nan/nan.h:1818:3: note: declared here
260 error  1818 |   Call(int argc, v8::Local<v8::Value> argv[]) const {
260 error       |   ^~~~
260 error ../src/serialport.cpp: In function 'Nan::NAN_METHOD_RETURN_TYPE Drain(Nan::NAN_METHOD_ARGS_TYPE)':
260 error ../src/serialport.cpp:585:28: error: no matching function for call to 'v8::Value::ToInt32()'
260 error   585 |   int fd = info[0]->ToInt32()->Int32Value();
260 error       |            ~~~~~~~~~~~~~~~~^~
260 error /usr/src/node-red/.cache/node-gyp/20.18.1/include/node/v8-value.h:403:43: note: candidate: 'v8::MaybeLocal<v8::Int32> v8::Value::ToInt32(v8::Local<v8::Context>) const'
260 error   403 |   V8_WARN_UNUSED_RESULT MaybeLocal<Int32> ToInt32(Local<Context> context) const;
260 error       |                                           ^~~~~~~
260 error /usr/src/node-red/.cache/node-gyp/20.18.1/include/node/v8-value.h:403:43: note:   candidate expects 1 argument, 0 provided
260 error ../src/serialport.cpp:594:9: warning: 'void* memset(void*, int, size_t)' clearing an object of type 'struct DrainBaton' with no trivial copy-assignment; use value-initialization instead [-Wclass-memaccess]
260 error   594 |   memset(baton, 0, sizeof(DrainBaton));
260 error       |   ~~~~~~^~~~~~~~~~~~~~~~~~~~~~~~~~~~~~
260 error ../src/./serialport.h:186:8: note: 'struct DrainBaton' declared here
260 error   186 | struct DrainBaton {
260 error       |        ^~~~~~~~~~
260 error ../src/serialport.cpp:600:52: warning: cast between incompatible function types from 'void (*)(uv_work_t*)' {aka 'void (*)(uv_work_s*)'} to 'uv_after_work_cb' {aka 'void (*)(uv_work_s*, int)'} [-Wcast-function-type]
260 error   600 |   uv_queue_work(uv_default_loop(), req, EIO_Drain, (uv_after_work_cb)EIO_AfterDrain);
260 error       |                                                    ^~~~~~~~~~~~~~~~~~~~~~~~~~~~~~~~
260 error ../src/serialport.cpp: In function 'void EIO_AfterDrain(uv_work_t*)':
260 error ../src/serialport.cpp:617:22: warning: 'v8::Local<v8::Value> Nan::Callback::Call(int, v8::Local<v8::Value>*) const' is deprecated [-Wdeprecated-declarations]
260 error   617 |   data->callback.Call(1, argv);
260 error       |   ~~~~~~~~~~~~~~~~~~~^~~~~~~~~
260 error ../../../../nan/nan.h:1818:3: note: declared here
260 error  1818 |   Call(int argc, v8::Local<v8::Value> argv[]) const {
260 error       |   ^~~~
260 error ../src/serialport.cpp: At global scope:
260 error ../src/serialport.cpp:623:28: warning: unnecessary parentheses in declaration of 'ToParityEnum' [-Wparentheses]
260 error   623 | SerialPortParity NAN_INLINE(ToParityEnum(const v8::Local<v8::String>& v8str)) {
260 error       |                            ^~~~~~~~~~~~~~~~~~~~~~~~~~~~~~~~~~~~~~~~~~~~~~~~~~
260 error ../src/serialport.cpp:623:28: note: remove parentheses
260 error   623 | SerialPortParity NAN_INLINE(ToParityEnum(const v8::Local<v8::String>& v8str)) {
260 error       |                            ^~~~~~~~~~~~~~~~~~~~~~~~~~~~~~~~~~~~~~~~~~~~~~~~~~
260 error       |                            -                                                -
260 error ../src/serialport.cpp:642:30: warning: unnecessary parentheses in declaration of 'ToStopBitEnum' [-Wparentheses]
260 error   642 | SerialPortStopBits NAN_INLINE(ToStopBitEnum(double stopBits)) {
260 error       |                              ^~~~~~~~~~~~~~~~~~~~~~~~~~~~~~~~
260 error ../src/serialport.cpp:642:30: note: remove parentheses
260 error   642 | SerialPortStopBits NAN_INLINE(ToStopBitEnum(double stopBits)) {
260 error       |                              ^~~~~~~~~~~~~~~~~~~~~~~~~~~~~~~~
260 error       |                              -                              -
260 error /usr/src/node-red/.cache/node-gyp/20.18.1/include/node/node.h:1232:7: warning: cast between incompatible function types from 'void (*)(v8::Handle<v8::Object>)' {aka 'void (*)(v8::Local<v8::Object>)'} to 'node::addon_register_func' {aka 'void (*)(v8::Local<v8::Object>, v8::Local<v8::Value>, void*)'} [-Wcast-function-type]
260 error  1232 |       (node::addon_register_func) (regfunc),                          \
260 error       |       ^~~~~~~~~~~~~~~~~~~~~~~~~~~~~~~~~~~~~
260 error /usr/src/node-red/.cache/node-gyp/20.18.1/include/node/node.h:1266:3: note: in expansion of macro 'NODE_MODULE_X'
260 error  1266 |   NODE_MODULE_X(modname, regfunc, NULL, 0)  // NOLINT (readability/null_usage)
260 error       |   ^~~~~~~~~~~~~
260 error ../src/serialport.cpp:670:1: note: in expansion of macro 'NODE_MODULE'
260 error   670 | NODE_MODULE(serialport, init);
260 error       | ^~~~~~~~~~~
260 error ../src/serialport.cpp: In function 'int getIntFromObject(v8::Local<v8::Object>, std::string)':
260 error ../src/serialport.cpp:90:51: error: no matching function for call to 'v8::Value::ToInt32()'
260 error    90 |   return getValueFromObject(options, key)->ToInt32()->Int32Value();
260 error       |          ~~~~~~~~~~~~~~~~~~~~~~~~~~~~~~~~~~~~~~~~~^~
260 error In file included from /usr/src/node-red/.cache/node-gyp/20.18.1/include/node/v8-primitive.h:11,
260 error                  from /usr/src/node-red/.cache/node-gyp/20.18.1/include/node/v8-object.h:11,
260 error                  from /usr/src/node-red/.cache/node-gyp/20.18.1/include/node/v8-array-buffer.h:13,
260 error                  from /usr/src/node-red/.cache/node-gyp/20.18.1/include/node/v8.h:24,
260 error                  from /usr/src/node-red/.cache/node-gyp/20.18.1/include/node/node.h:73,
260 error                  from ../../../../nan/nan.h:62,
260 error                  from ../src/./serialport.h:7,
260 error                  from ../src/serialport.cpp:1:
260 error /usr/src/node-red/.cache/node-gyp/20.18.1/include/node/v8-value.h:403:43: note: candidate: 'v8::MaybeLocal<v8::Int32> v8::Value::ToInt32(v8::Local<v8::Context>) const'
260 error   403 |   V8_WARN_UNUSED_RESULT MaybeLocal<Int32> ToInt32(Local<Context> context) const;
260 error       |                                           ^~~~~~~
260 error /usr/src/node-red/.cache/node-gyp/20.18.1/include/node/v8-value.h:403:43: note:   candidate expects 1 argument, 0 provided
260 error ../src/serialport.cpp: In function 'bool getBoolFromObject(v8::Local<v8::Object>, std::string)':
260 error ../src/serialport.cpp:94:53: error: no matching function for call to 'v8::Value::ToBoolean()'
260 error    94 |   return getValueFromObject(options, key)->ToBoolean()->BooleanValue();
260 error       |          ~~~~~~~~~~~~~~~~~~~~~~~~~~~~~~~~~~~~~~~~~~~^~
260 error /usr/src/node-red/.cache/node-gyp/20.18.1/include/node/v8-value.h:408:18: note: candidate: 'v8::Local<v8::Boolean> v8::Value::ToBoolean(v8::Isolate*) const'
260 error   408 |   Local<Boolean> ToBoolean(Isolate* isolate) const;
260 error       |                  ^~~~~~~~~
260 error /usr/src/node-red/.cache/node-gyp/20.18.1/include/node/v8-value.h:408:18: note:   candidate expects 1 argument, 0 provided
260 error ../src/serialport.cpp: In function 'v8::Local<v8::String> getStringFromObj(v8::Local<v8::Object>, std::string)':
260 error ../src/serialport.cpp:98:52: error: no matching function for call to 'v8::Value::ToString()'
260 error    98 |   return getValueFromObject(options, key)->ToString();
260 error       |          ~~~~~~~~~~~~~~~~~~~~~~~~~~~~~~~~~~~~~~~~~~^~
260 error /usr/src/node-red/.cache/node-gyp/20.18.1/include/node/v8-value.h:370:44: note: candidate: 'v8::MaybeLocal<v8::String> v8::Value::ToString(v8::Local<v8::Context>) const'
260 error   370 |   V8_WARN_UNUSED_RESULT MaybeLocal<String> ToString(
260 error       |                                            ^~~~~~~~
260 error /usr/src/node-red/.cache/node-gyp/20.18.1/include/node/v8-value.h:370:44: note:   candidate expects 1 argument, 0 provided
260 error ../src/serialport.cpp: In function 'double getDoubleFromObject(v8::Local<v8::Object>, std::string)':
260 error ../src/serialport.cpp:102:52: error: no matching function for call to 'v8::Value::ToNumber()'
260 error   102 |   return getValueFromObject(options, key)->ToNumber()->NumberValue();
260 error       |          ~~~~~~~~~~~~~~~~~~~~~~~~~~~~~~~~~~~~~~~~~~^~
260 error /usr/src/node-red/.cache/node-gyp/20.18.1/include/node/v8-value.h:365:44: note: candidate: 'v8::MaybeLocal<v8::Number> v8::Value::ToNumber(v8::Local<v8::Context>) const'
260 error   365 |   V8_WARN_UNUSED_RESULT MaybeLocal<Number> ToNumber(
260 error       |                                            ^~~~~~~~
260 error /usr/src/node-red/.cache/node-gyp/20.18.1/include/node/v8-value.h:365:44: note:   candidate expects 1 argument, 0 provided
260 error ../src/serialport.cpp: In function 'Nan::NAN_METHOD_RETURN_TYPE Open(Nan::NAN_METHOD_ARGS_TYPE)':
260 error ../src/serialport.cpp:111:47: error: no matching function for call to 'v8::Value::ToString()'
260 error   111 |   v8::String::Utf8Value path(info[0]->ToString());
260 error       |                              ~~~~~~~~~~~~~~~~~^~
260 error /usr/src/node-red/.cache/node-gyp/20.18.1/include/node/v8-value.h:370:44: note: candidate: 'v8::MaybeLocal<v8::String> v8::Value::ToString(v8::Local<v8::Context>) const'
260 error   370 |   V8_WARN_UNUSED_RESULT MaybeLocal<String> ToString(
260 error       |                                            ^~~~~~~~
260 error /usr/src/node-red/.cache/node-gyp/20.18.1/include/node/v8-value.h:370:44: note:   candidate expects 1 argument, 0 provided
260 error ../src/serialport.cpp:118:52: error: no matching function for call to 'v8::Value::ToObject()'
260 error   118 |   v8::Local<v8::Object> options = info[1]->ToObject();
260 error       |                                   ~~~~~~~~~~~~~~~~~^~
260 error /usr/src/node-red/.cache/node-gyp/20.18.1/include/node/v8-value.h:382:44: note: candidate: 'v8::MaybeLocal<v8::Object> v8::Value::ToObject(v8::Local<v8::Context>) const'
260 error   382 |   V8_WARN_UNUSED_RESULT MaybeLocal<Object> ToObject(
260 error       |                                            ^~~~~~~~
260 error /usr/src/node-red/.cache/node-gyp/20.18.1/include/node/v8-value.h:382:44: note:   candidate expects 1 argument, 0 provided
260 error ../src/serialport.cpp:127:9: warning: 'void* memset(void*, int, size_t)' clearing an object of type 'struct OpenBaton' with no trivial copy-assignment; use value-initialization instead [-Wclass-memaccess]
260 error   127 |   memset(baton, 0, sizeof(OpenBaton));
260 error       |   ~~~~~~^~~~~~~~~~~~~~~~~~~~~~~~~~~~~
260 error ../src/./serialport.h:66:8: note: 'struct OpenBaton' declared here
260 error    66 | struct OpenBaton {
260 error       |        ^~~~~~~~~
260 error ../src/serialport.cpp:141:99: error: no matching function for call to 'v8::Value::ToObject()'
260 error   141 |   v8::Local<v8::Object> platformOptions = getValueFromObject(options, "platformOptions")->ToObject();
260 error       |                                           ~~~~~~~~~~~~~~~~~~~~~~~~~~~~~~~~~~~~~~~~~~~~~~~~~~~~~~~~^~
260 error /usr/src/node-red/.cache/node-gyp/20.18.1/include/node/v8-value.h:382:44: note: candidate: 'v8::MaybeLocal<v8::Object> v8::Value::ToObject(v8::Local<v8::Context>) const'
260 error   382 |   V8_WARN_UNUSED_RESULT MaybeLocal<Object> ToObject(
260 error       |                                            ^~~~~~~~
260 error /usr/src/node-red/.cache/node-gyp/20.18.1/include/node/v8-value.h:382:44: note:   candidate expects 1 argument, 0 provided
260 error ../src/serialport.cpp:152:51: warning: cast between incompatible function types from 'void (*)(uv_work_t*)' {aka 'void (*)(uv_work_s*)'} to 'uv_after_work_cb' {aka 'void (*)(uv_work_s*, int)'} [-Wcast-function-type]
260 error   152 |   uv_queue_work(uv_default_loop(), req, EIO_Open, (uv_after_work_cb)EIO_AfterOpen);
260 error       |                                                   ^~~~~~~~~~~~~~~~~~~~~~~~~~~~~~~
260 error ../src/serialport.cpp: In function 'void EIO_AfterOpen(uv_work_t*)':
260 error ../src/serialport.cpp:174:30: error: no matching function for call to 'v8::Value::ToInt32()'
260 error   174 |     int fd = argv[1]->ToInt32()->Int32Value();
260 error       |              ~~~~~~~~~~~~~~~~^~
260 error /usr/src/node-red/.cache/node-gyp/20.18.1/include/node/v8-value.h:403:43: note: candidate: 'v8::MaybeLocal<v8::Int32> v8::Value::ToInt32(v8::Local<v8::Context>) const'
260 error   403 |   V8_WARN_UNUSED_RESULT MaybeLocal<Int32> ToInt32(Local<Context> context) const;
260 error       |                                           ^~~~~~~
260 error /usr/src/node-red/.cache/node-gyp/20.18.1/include/node/v8-value.h:403:43: note:   candidate expects 1 argument, 0 provided
260 error ../src/serialport.cpp:180:22: warning: 'v8::Local<v8::Value> Nan::Callback::Call(int, v8::Local<v8::Value>*) const' is deprecated [-Wdeprecated-declarations]
260 error   180 |   data->callback.Call(2, argv);
260 error       |   ~~~~~~~~~~~~~~~~~~~^~~~~~~~~
260 error ../../../../nan/nan.h:1818:3: note: declared here
260 error  1818 |   Call(int argc, v8::Local<v8::Value> argv[]) const {
260 error       |   ^~~~
260 error ../src/serialport.cpp: In function 'Nan::NAN_METHOD_RETURN_TYPE Update(Nan::NAN_METHOD_ARGS_TYPE)':
260 error ../src/serialport.cpp:193:28: error: no matching function for call to 'v8::Value::ToInt32()'
260 error   193 |   int fd = info[0]->ToInt32()->Int32Value();
260 error       |            ~~~~~~~~~~~~~~~~^~
260 error /usr/src/node-red/.cache/node-gyp/20.18.1/include/node/v8-value.h:403:43: note: candidate: 'v8::MaybeLocal<v8::Int32> v8::Value::ToInt32(v8::Local<v8::Context>) const'
260 error   403 |   V8_WARN_UNUSED_RESULT MaybeLocal<Int32> ToInt32(Local<Context> context) const;
260 error       |                                           ^~~~~~~
260 error /usr/src/node-red/.cache/node-gyp/20.18.1/include/node/v8-value.h:403:43: note:   candidate expects 1 argument, 0 provided
260 error ../src/serialport.cpp:200:52: error: no matching function for call to 'v8::Value::ToObject()'
260 error   200 |   v8::Local<v8::Object> options = info[1]->ToObject();
260 error       |                                   ~~~~~~~~~~~~~~~~~^~
260 error /usr/src/node-red/.cache/node-gyp/20.18.1/include/node/v8-value.h:382:44: note: candidate: 'v8::MaybeLocal<v8::Object> v8::Value::ToObject(v8::Local<v8::Context>) const'
260 error   382 |   V8_WARN_UNUSED_RESULT MaybeLocal<Object> ToObject(
260 error       |                                            ^~~~~~~~
260 error /usr/src/node-red/.cache/node-gyp/20.18.1/include/node/v8-value.h:382:44: note:   candidate expects 1 argument, 0 provided
260 error ../src/serialport.cpp:214:9: warning: 'void* memset(void*, int, size_t)' clearing an object of type 'struct ConnectionOptionsBaton' with no trivial copy-assignment; use value-initialization instead [-Wclass-memaccess]
260 error   214 |   memset(baton, 0, sizeof(ConnectionOptionsBaton));
260 error       |   ~~~~~~^~~~~~~~~~~~~~~~~~~~~~~~~~~~~~~~~~~~~~~~~~
260 error ../src/./serialport.h:90:8: note: 'struct ConnectionOptionsBaton' declared here
260 error    90 | struct ConnectionOptionsBaton {
260 error       |        ^~~~~~~~~~~~~~~~~~~~~~
260 error ../src/serialport.cpp:217:115: error: no matching function for call to 'v8::Value::ToInt32()'
260 error   217 |   baton->baudRate = Nan::Get(options, Nan::New<v8::String>("baudRate").ToLocalChecked()).ToLocalChecked()->ToInt32()->Int32Value();
260 error       |                     ~~~~~~~~~~~~~~~~~~~~~~~~~~~~~~~~~~~~~~~~~~~~~~~~~~~~~~~~~~~~~~~~~~~~~~~~~~~~~~~~~~~~~~~~~~~~~~^~
260 error /usr/src/node-red/.cache/node-gyp/20.18.1/include/node/v8-value.h:403:43: note: candidate: 'v8::MaybeLocal<v8::Int32> v8::Value::ToInt32(v8::Local<v8::Context>) const'
260 error   403 |   V8_WARN_UNUSED_RESULT MaybeLocal<Int32> ToInt32(Local<Context> context) const;
260 error       |                                           ^~~~~~~
260 error /usr/src/node-red/.cache/node-gyp/20.18.1/include/node/v8-value.h:403:43: note:   candidate expects 1 argument, 0 provided
260 error ../src/serialport.cpp:223:53: warning: cast between incompatible function types from 'void (*)(uv_work_t*)' {aka 'void (*)(uv_work_s*)'} to 'uv_after_work_cb' {aka 'void (*)(uv_work_s*, int)'} [-Wcast-function-type]
260 error   223 |   uv_queue_work(uv_default_loop(), req, EIO_Update, (uv_after_work_cb)EIO_AfterUpdate);
260 error       |                                                     ^~~~~~~~~~~~~~~~~~~~~~~~~~~~~~~~~
260 error ../src/serialport.cpp: In function 'void EIO_AfterUpdate(uv_work_t*)':
260 error ../src/serialport.cpp:240:22: warning: 'v8::Local<v8::Value> Nan::Callback::Call(int, v8::Local<v8::Value>*) const' is deprecated [-Wdeprecated-declarations]
260 error   240 |   data->callback.Call(1, argv);
260 error       |   ~~~~~~~~~~~~~~~~~~~^~~~~~~~~
260 error ../../../../nan/nan.h:1818:3: note: declared here
260 error  1818 |   Call(int argc, v8::Local<v8::Value> argv[]) const {
260 error       |   ^~~~
260 error ../src/serialport.cpp: In function 'Nan::NAN_METHOD_RETURN_TYPE Write(Nan::NAN_METHOD_ARGS_TYPE)':
260 error ../src/serialport.cpp:252:28: error: no matching function for call to 'v8::Value::ToInt32()'
260 error   252 |   int fd = info[0]->ToInt32()->Int32Value();
260 error       |            ~~~~~~~~~~~~~~~~^~
260 error /usr/src/node-red/.cache/node-gyp/20.18.1/include/node/v8-value.h:403:43: note: candidate: 'v8::MaybeLocal<v8::Int32> v8::Value::ToInt32(v8::Local<v8::Context>) const'
260 error   403 |   V8_WARN_UNUSED_RESULT MaybeLocal<Int32> ToInt32(Local<Context> context) const;
260 error       |                                           ^~~~~~~
260 error /usr/src/node-red/.cache/node-gyp/20.18.1/include/node/v8-value.h:403:43: note:   candidate expects 1 argument, 0 provided
260 error ../src/serialport.cpp:259:51: error: no matching function for call to 'v8::Value::ToObject()'
260 error   259 |   v8::Local<v8::Object> buffer = info[1]->ToObject();
260 error       |                                  ~~~~~~~~~~~~~~~~~^~
260 error /usr/src/node-red/.cache/node-gyp/20.18.1/include/node/v8-value.h:382:44: note: candidate: 'v8::MaybeLocal<v8::Object> v8::Value::ToObject(v8::Local<v8::Context>) const'
260 error   382 |   V8_WARN_UNUSED_RESULT MaybeLocal<Object> ToObject(
260 error       |                                            ^~~~~~~~
260 error /usr/src/node-red/.cache/node-gyp/20.18.1/include/node/v8-value.h:382:44: note:   candidate expects 1 argument, 0 provided
260 error ../src/serialport.cpp:270:9: warning: 'void* memset(void*, int, size_t)' clearing an object of type 'struct WriteBaton' with no trivial copy-assignment; use value-initialization instead [-Wclass-memaccess]
260 error   270 |   memset(baton, 0, sizeof(WriteBaton));
260 error       |   ~~~~~~^~~~~~~~~~~~~~~~~~~~~~~~~~~~~~
260 error ../src/./serialport.h:97:8: note: 'struct WriteBaton' declared here
260 error    97 | struct WriteBaton {
260 error       |        ^~~~~~~~~~
260 error ../src/serialport.cpp:279:9: warning: 'void* memset(void*, int, size_t)' clearing an object of non-trivial type 'struct QueuedWrite'; use assignment or value-initialization instead [-Wclass-memaccess]
260 error   279 |   memset(queuedWrite, 0, sizeof(QueuedWrite));
260 error       |   ~~~~~~^~~~~~~~~~~~~~~~~~~~~~~~~~~~~~~~~~~~~
260 error ../src/./serialport.h:108:8: note: 'struct QueuedWrite' declared here
260 error   108 | struct QueuedWrite {
260 error       |        ^~~~~~~~~~~
260 error ../src/serialport.cpp:296:68: warning: cast between incompatible function types from 'void (*)(uv_work_t*)' {aka 'void (*)(uv_work_s*)'} to 'uv_after_work_cb' {aka 'void (*)(uv_work_s*, int)'} [-Wcast-function-type]
260 error   296 |     uv_queue_work(uv_default_loop(), &queuedWrite->req, EIO_Write, (uv_after_work_cb)EIO_AfterWrite);
260 error       |                                                                    ^~~~~~~~~~~~~~~~~~~~~~~~~~~~~~~~
260 error ../src/serialport.cpp: In function 'void EIO_AfterWrite(uv_work_t*)':
260 error ../src/serialport.cpp:321:54: warning: cast between incompatible function types from 'void (*)(uv_work_t*)' {aka 'void (*)(uv_work_s*)'} to 'uv_after_work_cb' {aka 'void (*)(uv_work_s*, int)'} [-Wcast-function-type]
260 error   321 |     uv_queue_work(uv_default_loop(), req, EIO_Write, (uv_after_work_cb)EIO_AfterWrite);
260 error       |                                                      ^~~~~~~~~~~~~~~~~~~~~~~~~~~~~~~~
260 error ../src/serialport.cpp:339:22: warning: 'v8::Local<v8::Value> Nan::Callback::Call(int, v8::Local<v8::Value>*) const' is deprecated [-Wdeprecated-declarations]
260 error   339 |   data->callback.Call(1, argv);
260 error       |   ~~~~~~~~~~~~~~~~~~~^~~~~~~~~
260 error ../../../../nan/nan.h:1818:3: note: declared here
260 error  1818 |   Call(int argc, v8::Local<v8::Value> argv[]) const {
260 error       |   ^~~~
260 error ../src/serialport.cpp:345:72: warning: cast between incompatible function types from 'void (*)(uv_work_t*)' {aka 'void (*)(uv_work_s*)'} to 'uv_after_work_cb' {aka 'void (*)(uv_work_s*, int)'} [-Wcast-function-type]
260 error   345 |     uv_queue_work(uv_default_loop(), &nextQueuedWrite->req, EIO_Write, (uv_after_work_cb)EIO_AfterWrite);
260 error       |                                                                        ^~~~~~~~~~~~~~~~~~~~~~~~~~~~~~~~
260 error ../src/serialport.cpp: In function 'Nan::NAN_METHOD_RETURN_TYPE Close(Nan::NAN_METHOD_ARGS_TYPE)':
260 error ../src/serialport.cpp:368:9: warning: 'void* memset(void*, int, size_t)' clearing an object of type 'struct CloseBaton' with no trivial copy-assignment; use value-initialization instead [-Wclass-memaccess]
260 error   368 |   memset(baton, 0, sizeof(CloseBaton));
260 error       |   ~~~~~~^~~~~~~~~~~~~~~~~~~~~~~~~~~~~~
260 error ../src/./serialport.h:145:8: note: 'struct CloseBaton' declared here
260 error   145 | struct CloseBaton {
260 error       |        ^~~~~~~~~~
260 error ../src/serialport.cpp:369:31: error: no matching function for call to 'v8::Value::ToInt32()'
260 error   369 |   baton->fd = info[0]->ToInt32()->Int32Value();
260 error       |               ~~~~~~~~~~~~~~~~^~
260 error /usr/src/node-red/.cache/node-gyp/20.18.1/include/node/v8-value.h:403:43: note: candidate: 'v8::MaybeLocal<v8::Int32> v8::Value::ToInt32(v8::Local<v8::Context>) const'
260 error   403 |   V8_WARN_UNUSED_RESULT MaybeLocal<Int32> ToInt32(Local<Context> context) const;
260 error       |                                           ^~~~~~~
260 error /usr/src/node-red/.cache/node-gyp/20.18.1/include/node/v8-value.h:403:43: note:   candidate expects 1 argument, 0 provided
260 error ../src/serialport.cpp:374:52: warning: cast between incompatible function types from 'void (*)(uv_work_t*)' {aka 'void (*)(uv_work_s*)'} to 'uv_after_work_cb' {aka 'void (*)(uv_work_s*, int)'} [-Wcast-function-type]
260 error   374 |   uv_queue_work(uv_default_loop(), req, EIO_Close, (uv_after_work_cb)EIO_AfterClose);
260 error       |                                                    ^~~~~~~~~~~~~~~~~~~~~~~~~~~~~~~~
260 error ../src/serialport.cpp: In function 'void EIO_AfterClose(uv_work_t*)':
260 error ../src/serialport.cpp:403:22: warning: 'v8::Local<v8::Value> Nan::Callback::Call(int, v8::Local<v8::Value>*) const' is deprecated [-Wdeprecated-declarations]
260 error   403 |   data->callback.Call(1, argv);
260 error       |   ~~~~~~~~~~~~~~~~~~~^~~~~~~~~
260 error ../../../../nan/nan.h:1818:3: note: declared here
260 error  1818 |   Call(int argc, v8::Local<v8::Value> argv[]) const {
260 error       |   ^~~~
260 error ../src/serialport.cpp: In function 'Nan::NAN_METHOD_RETURN_TYPE List(Nan::NAN_METHOD_ARGS_TYPE)':
260 error ../src/serialport.cpp:422:51: warning: cast between incompatible function types from 'void (*)(uv_work_t*)' {aka 'void (*)(uv_work_s*)'} to 'uv_after_work_cb' {aka 'void (*)(uv_work_s*, int)'} [-Wcast-function-type]
260 error   422 |   uv_queue_work(uv_default_loop(), req, EIO_List, (uv_after_work_cb)EIO_AfterList);
260 error       |                                                   ^~~~~~~~~~~~~~~~~~~~~~~~~~~~~~~
260 error ../src/serialport.cpp: In function 'void EIO_AfterList(uv_work_t*)':
260 error ../src/serialport.cpp:465:22: warning: 'v8::Local<v8::Value> Nan::Callback::Call(int, v8::Local<v8::Value>*) const' is deprecated [-Wdeprecated-declarations]
260 error   465 |   data->callback.Call(2, argv);
260 error       |   ~~~~~~~~~~~~~~~~~~~^~~~~~~~~
260 error ../../../../nan/nan.h:1818:3: note: declared here
260 error  1818 |   Call(int argc, v8::Local<v8::Value> argv[]) const {
260 error       |   ^~~~
260 error ../src/serialport.cpp: In function 'Nan::NAN_METHOD_RETURN_TYPE Flush(Nan::NAN_METHOD_ARGS_TYPE)':
260 error ../src/serialport.cpp:480:28: error: no matching function for call to 'v8::Value::ToInt32()'
260 error   480 |   int fd = info[0]->ToInt32()->Int32Value();
260 error       |            ~~~~~~~~~~~~~~~~^~
260 error /usr/src/node-red/.cache/node-gyp/20.18.1/include/node/v8-value.h:403:43: note: candidate: 'v8::MaybeLocal<v8::Int32> v8::Value::ToInt32(v8::Local<v8::Context>) const'
260 error   403 |   V8_WARN_UNUSED_RESULT MaybeLocal<Int32> ToInt32(Local<Context> context) const;
260 error       |                                           ^~~~~~~
260 error /usr/src/node-red/.cache/node-gyp/20.18.1/include/node/v8-value.h:403:43: note:   candidate expects 1 argument, 0 provided
260 error ../src/serialport.cpp:490:9: warning: 'void* memset(void*, int, size_t)' clearing an object of type 'struct FlushBaton' with no trivial copy-assignment; use value-initialization instead [-Wclass-memaccess]
260 error   490 |   memset(baton, 0, sizeof(FlushBaton));
260 error       |   ~~~~~~^~~~~~~~~~~~~~~~~~~~~~~~~~~~~~
260 error ../src/./serialport.h:167:8: note: 'struct FlushBaton' declared here
260 error   167 | struct FlushBaton {
260 error       |        ^~~~~~~~~~
260 error ../src/serialport.cpp:496:52: warning: cast between incompatible function types from 'void (*)(uv_work_t*)' {aka 'void (*)(uv_work_s*)'} to 'uv_after_work_cb' {aka 'void (*)(uv_work_s*, int)'} [-Wcast-function-type]
260 error   496 |   uv_queue_work(uv_default_loop(), req, EIO_Flush, (uv_after_work_cb)EIO_AfterFlush);
260 error       |                                                    ^~~~~~~~~~~~~~~~~~~~~~~~~~~~~~~~
260 error ../src/serialport.cpp: In function 'void EIO_AfterFlush(uv_work_t*)':
260 error ../src/serialport.cpp:516:22: warning: 'v8::Local<v8::Value> Nan::Callback::Call(int, v8::Local<v8::Value>*) const' is deprecated [-Wdeprecated-declarations]
260 error   516 |   data->callback.Call(2, argv);
260 error       |   ~~~~~~~~~~~~~~~~~~~^~~~~~~~~
260 error ../../../../nan/nan.h:1818:3: note: declared here
260 error  1818 |   Call(int argc, v8::Local<v8::Value> argv[]) const {
260 error       |   ^~~~
260 error ../src/serialport.cpp: In function 'Nan::NAN_METHOD_RETURN_TYPE Set(Nan::NAN_METHOD_ARGS_TYPE)':
260 error ../src/serialport.cpp:528:28: error: no matching function for call to 'v8::Value::ToInt32()'
260 error   528 |   int fd = info[0]->ToInt32()->Int32Value();
260 error       |            ~~~~~~~~~~~~~~~~^~
260 error /usr/src/node-red/.cache/node-gyp/20.18.1/include/node/v8-value.h:403:43: note: candidate: 'v8::MaybeLocal<v8::Int32> v8::Value::ToInt32(v8::Local<v8::Context>) const'
260 error   403 |   V8_WARN_UNUSED_RESULT MaybeLocal<Int32> ToInt32(Local<Context> context) const;
260 error       |                                           ^~~~~~~
260 error /usr/src/node-red/.cache/node-gyp/20.18.1/include/node/v8-value.h:403:43: note:   candidate expects 1 argument, 0 provided
260 error ../src/serialport.cpp:535:52: error: no matching function for call to 'v8::Value::ToObject()'
260 error   535 |   v8::Local<v8::Object> options = info[1]->ToObject();
260 error       |                                   ~~~~~~~~~~~~~~~~~^~
260 error /usr/src/node-red/.cache/node-gyp/20.18.1/include/node/v8-value.h:382:44: note: candidate: 'v8::MaybeLocal<v8::Object> v8::Value::ToObject(v8::Local<v8::Context>) const'
260 error   382 |   V8_WARN_UNUSED_RESULT MaybeLocal<Object> ToObject(
260 error       |                                            ^~~~~~~~
260 error /usr/src/node-red/.cache/node-gyp/20.18.1/include/node/v8-value.h:382:44: note:   candidate expects 1 argument, 0 provided
260 error ../src/serialport.cpp:545:9: warning: 'void* memset(void*, int, size_t)' clearing an object of type 'struct SetBaton' with no trivial copy-assignment; use value-initialization instead [-Wclass-memaccess]
260 error   545 |   memset(baton, 0, sizeof(SetBaton));
260 error       |   ~~~~~~^~~~~~~~~~~~~~~~~~~~~~~~~~~~
260 error ../src/./serialport.h:174:8: note: 'struct SetBaton' declared here
260 error   174 | struct SetBaton {
260 error       |        ^~~~~~~~
260 error ../src/serialport.cpp:556:50: warning: cast between incompatible function types from 'void (*)(uv_work_t*)' {aka 'void (*)(uv_work_s*)'} to 'uv_after_work_cb' {aka 'void (*)(uv_work_s*, int)'} [-Wcast-function-type]
260 error   556 |   uv_queue_work(uv_default_loop(), req, EIO_Set, (uv_after_work_cb)EIO_AfterSet);
260 error       |                                                  ^~~~~~~~~~~~~~~~~~~~~~~~~~~~~~
260 error ../src/serialport.cpp: In function 'void EIO_AfterSet(uv_work_t*)':
260 error ../src/serialport.cpp:573:22: warning: 'v8::Local<v8::Value> Nan::Callback::Call(int, v8::Local<v8::Value>*) const' is deprecated [-Wdeprecated-declarations]
260 error   573 |   data->callback.Call(1, argv);
260 error       |   ~~~~~~~~~~~~~~~~~~~^~~~~~~~~
260 error ../../../../nan/nan.h:1818:3: note: declared here
260 error  1818 |   Call(int argc, v8::Local<v8::Value> argv[]) const {
260 error       |   ^~~~
260 error ../src/serialport.cpp: In function 'Nan::NAN_METHOD_RETURN_TYPE Drain(Nan::NAN_METHOD_ARGS_TYPE)':
260 error ../src/serialport.cpp:585:28: error: no matching function for call to 'v8::Value::ToInt32()'
260 error   585 |   int fd = info[0]->ToInt32()->Int32Value();
260 error       |            ~~~~~~~~~~~~~~~~^~
260 error /usr/src/node-red/.cache/node-gyp/20.18.1/include/node/v8-value.h:403:43: note: candidate: 'v8::MaybeLocal<v8::Int32> v8::Value::ToInt32(v8::Local<v8::Context>) const'
260 error   403 |   V8_WARN_UNUSED_RESULT MaybeLocal<Int32> ToInt32(Local<Context> context) const;
260 error       |                                           ^~~~~~~
260 error /usr/src/node-red/.cache/node-gyp/20.18.1/include/node/v8-value.h:403:43: note:   candidate expects 1 argument, 0 provided
260 error ../src/serialport.cpp:594:9: warning: 'void* memset(void*, int, size_t)' clearing an object of type 'struct DrainBaton' with no trivial copy-assignment; use value-initialization instead [-Wclass-memaccess]
260 error   594 |   memset(baton, 0, sizeof(DrainBaton));
260 error       |   ~~~~~~^~~~~~~~~~~~~~~~~~~~~~~~~~~~~~
260 error ../src/./serialport.h:186:8: note: 'struct DrainBaton' declared here
260 error   186 | struct DrainBaton {
260 error       |        ^~~~~~~~~~
260 error ../src/serialport.cpp:600:52: warning: cast between incompatible function types from 'void (*)(uv_work_t*)' {aka 'void (*)(uv_work_s*)'} to 'uv_after_work_cb' {aka 'void (*)(uv_work_s*, int)'} [-Wcast-function-type]
260 error   600 |   uv_queue_work(uv_default_loop(), req, EIO_Drain, (uv_after_work_cb)EIO_AfterDrain);
260 error       |                                                    ^~~~~~~~~~~~~~~~~~~~~~~~~~~~~~~~
260 error ../src/serialport.cpp: In function 'void EIO_AfterDrain(uv_work_t*)':
260 error ../src/serialport.cpp:617:22: warning: 'v8::Local<v8::Value> Nan::Callback::Call(int, v8::Local<v8::Value>*) const' is deprecated [-Wdeprecated-declarations]
260 error   617 |   data->callback.Call(1, argv);
260 error       |   ~~~~~~~~~~~~~~~~~~~^~~~~~~~~
260 error ../../../../nan/nan.h:1818:3: note: declared here
260 error  1818 |   Call(int argc, v8::Local<v8::Value> argv[]) const {
260 error       |   ^~~~
260 error ../src/serialport.cpp: At global scope:
260 error ../src/serialport.cpp:623:28: warning: unnecessary parentheses in declaration of 'ToParityEnum' [-Wparentheses]
260 error   623 | SerialPortParity NAN_INLINE(ToParityEnum(const v8::Local<v8::String>& v8str)) {
260 error       |                            ^~~~~~~~~~~~~~~~~~~~~~~~~~~~~~~~~~~~~~~~~~~~~~~~~~
260 error ../src/serialport.cpp:623:28: note: remove parentheses
260 error   623 | SerialPortParity NAN_INLINE(ToParityEnum(const v8::Local<v8::String>& v8str)) {
260 error       |                            ^~~~~~~~~~~~~~~~~~~~~~~~~~~~~~~~~~~~~~~~~~~~~~~~~~
260 error       |                            -                                                -
260 error ../src/serialport.cpp:642:30: warning: unnecessary parentheses in declaration of 'ToStopBitEnum' [-Wparentheses]
260 error   642 | SerialPortStopBits NAN_INLINE(ToStopBitEnum(double stopBits)) {
260 error       |                              ^~~~~~~~~~~~~~~~~~~~~~~~~~~~~~~~
260 error ../src/serialport.cpp:642:30: note: remove parentheses
260 error   642 | SerialPortStopBits NAN_INLINE(ToStopBitEnum(double stopBits)) {
260 error       |                              ^~~~~~~~~~~~~~~~~~~~~~~~~~~~~~~~
260 error       |                              -                              -
260 error /usr/src/node-red/.cache/node-gyp/20.18.1/include/node/node.h:1232:7: warning: cast between incompatible function types from 'void (*)(v8::Handle<v8::Object>)' {aka 'void (*)(v8::Local<v8::Object>)'} to 'node::addon_register_func' {aka 'void (*)(v8::Local<v8::Object>, v8::Local<v8::Value>, void*)'} [-Wcast-function-type]
260 error  1232 |       (node::addon_register_func) (regfunc),                          \
260 error       |       ^~~~~~~~~~~~~~~~~~~~~~~~~~~~~~~~~~~~~
260 error /usr/src/node-red/.cache/node-gyp/20.18.1/include/node/node.h:1266:3: note: in expansion of macro 'NODE_MODULE_X'
260 error  1266 |   NODE_MODULE_X(modname, regfunc, NULL, 0)  // NOLINT (readability/null_usage)
260 error       |   ^~~~~~~~~~~~~
260 error ../src/serialport.cpp:670:1: note: in expansion of macro 'NODE_MODULE'
260 error   670 | NODE_MODULE(serialport, init);
260 error       | ^~~~~~~~~~~
260 error make: *** [serialport.target.mk:110: Release/obj.target/serialport/src/serialport.o] Error 1
260 error gyp ERR! build error 
260 error gyp ERR! stack Error: `make` failed with exit code: 2
260 error gyp ERR! stack at ChildProcess.<anonymous> (/usr/local/lib/node_modules/npm/node_modules/node-gyp/lib/build.js:209:23)
260 error gyp ERR! System Linux 5.15.167.4-microsoft-standard-WSL2
260 error gyp ERR! command "/usr/local/bin/node" "/usr/local/lib/node_modules/npm/node_modules/node-gyp/bin/node-gyp.js" "build" "--fallback-to-build" "--module=/data/node_modules/node-modbus/node_modules/serialport/build/Release/serialport.node" "--module_name=serialport" "--module_path=/data/node_modules/node-modbus/node_modules/serialport/build/Release"
260 error gyp ERR! cwd /data/node_modules/node-modbus/node_modules/serialport
260 error gyp ERR! node -v v20.18.1
260 error gyp ERR! node-gyp -v v10.1.0
260 error gyp ERR! not ok 
260 error node-pre-gyp ERR! build error 
260 error node-pre-gyp ERR! stack Error: Failed to execute '/usr/local/bin/node /usr/local/lib/node_modules/npm/node_modules/node-gyp/bin/node-gyp.js build --fallback-to-build --module=/data/node_modules/node-modbus/node_modules/serialport/build/Release/serialport.node --module_name=serialport --module_path=/data/node_modules/node-modbus/node_modules/serialport/build/Release' (1)
260 error node-pre-gyp ERR! stack     at ChildProcess.<anonymous> (/data/node_modules/node-modbus/node_modules/serialport/node_modules/node-pre-gyp/lib/util/compile.js:83:29)
260 error node-pre-gyp ERR! stack     at ChildProcess.emit (node:events:518:28)
260 error node-pre-gyp ERR! stack     at maybeClose (node:internal/child_process:1104:16)
260 error node-pre-gyp ERR! stack     at ChildProcess._handle.onexit (node:internal/child_process:304:5)
260 error node-pre-gyp ERR! System Linux 5.15.167.4-microsoft-standard-WSL2
260 error node-pre-gyp ERR! command "/usr/local/bin/node" "/data/node_modules/node-modbus/node_modules/serialport/node_modules/.bin/node-pre-gyp" "install" "--fallback-to-build"
260 error node-pre-gyp ERR! cwd /data/node_modules/node-modbus/node_modules/serialport
260 error node-pre-gyp ERR! node -v v20.18.1
260 error node-pre-gyp ERR! node-pre-gyp -v v0.6.32
260 error node-pre-gyp ERR! not ok 
260 error make: *** [serialport.target.mk:110: Release/obj.target/serialport/src/serialport.o] Error 1
260 error gyp ERR! UNCAUGHT EXCEPTION 
260 error gyp ERR! stack Error: ENOENT: no such file or directory, lstat '/data/node_modules/node-modbus/node_modules/serialport/build/node_gyp_bins'
260 error gyp ERR! System Linux 5.15.167.4-microsoft-standard-WSL2
260 error gyp ERR! command "/usr/local/bin/node" "/usr/local/lib/node_modules/npm/node_modules/node-gyp/bin/node-gyp.js" "build" "--fallback-to-build" "--module=/data/node_modules/node-modbus/node_modules/serialport/build/Release/serialport.node" "--module_name=serialport" "--module_path=/data/node_modules/node-modbus/node_modules/serialport/build/Release"
260 error gyp ERR! cwd /data/node_modules/node-modbus/node_modules/serialport
260 error gyp ERR! node -v v20.18.1
260 error gyp ERR! node-gyp -v v10.1.0
260 error gyp ERR! Node-gyp failed to build your package.
260 error gyp ERR! Try to update npm and/or node-gyp and if it does not help file an issue with the package author.
261 silly unfinished npm timer reify 1736774173650
262 silly unfinished npm timer reify:build 1736774175943
263 silly unfinished npm timer build 1736774175943
264 silly unfinished npm timer build:deps 1736774175943
265 silly unfinished npm timer build:run:install 1736774175963
266 silly unfinished npm timer build:run:install:node_modules/node-modbus/node_modules/serialport 1736774175963
267 verbose cwd /data
268 verbose os Linux 5.15.167.4-microsoft-standard-WSL2
269 verbose node v20.18.1
270 verbose npm  v10.8.2
271 verbose exit 1
272 verbose code 1
273 error A complete log of this run can be found in: /data/.npm/_logs/2025-01-13T13_16_13_392Z-debug-0.log
